2025-03-09 13:35:44,558 - INFO - Conexion Cursor: 2025-03-09 13:35:44.558081
2025-03-09 13:35:44,559 - INFO - Procesar ruta: C:\Users\LeonPP\Documents
2025-03-09 13:35:44,634 - INFO - Excluir carpeta: C:\Users\LeonPP\Documents\espana
2025-03-09 13:35:44,634 - INFO - Excluir carpeta: C:\Users\LeonPP\Documents\maletin
2025-03-09 13:35:44,650 - INFO - Conexion Cerrada
2025-03-09 13:35:44,650 - INFO - Fin Ruta... C:\Users\LeonPP\Documents
2025-03-09 13:35:44,650 - INFO - Archivos procesados: 19
2025-03-09 13:35:44,650 - INFO - Ruta procesada. Inicio: 2025-03-09 13:35:44.558081, Fin: 2025-03-09 13:35:44.650456 ... duración 0.09
2025-03-09 13:38:37,473 - INFO - Conexion Cursor: 2025-03-09 13:38:37.473104
2025-03-09 13:38:37,474 - INFO - Procesar ruta: h:\
2025-03-09 13:59:38,482 - INFO - Excluir archivo: Il Divo & Tony Braxton.mp4
2025-03-09 13:59:38,482 - INFO - Excluir archivo: Il Divo - A Mi Manera 0.mp4
2025-03-09 13:59:38,482 - INFO - Excluir archivo: Il Divo - A Mi Manera 2.mp4
2025-03-09 13:59:38,482 - INFO - Excluir archivo: Il Divo - A Mi Manera 3.mp4
2025-03-09 13:59:38,482 - INFO - Excluir archivo: Il Divo - The Power Of Love.mp4
2025-03-09 14:00:02,908 - INFO - Excluir archivo: Alex Campos - Amigos.mp4
2025-03-09 14:00:02,909 - INFO - Excluir archivo: Alex Campos - Me Robaste El Corazon (Duo Coalo Zamorano).mp4
2025-03-09 14:15:40,996 - INFO - #Error: [Errno 22] Invalid argument
2025-03-09 14:16:54,876 - INFO - Excluir archivo: Corre por tu vida! Salva tu alma! por Carter Conlon.mp4
2025-03-09 14:17:16,699 - INFO - Excluir archivo: HDEB_20160329_S1.m4a.mp4
2025-03-09 14:19:54,190 - INFO - Excluir archivo: Alaba a Dios - Danny Berrios(360p_H.264-AAC).mp4
2025-03-09 14:19:54,789 - INFO - Excluir archivo: Quien nos Separará del Amor de Dios(360p_H.264-AAC).mp4
2025-03-09 14:19:54,954 - INFO - Excluir archivo: Salmo 121 Recuerda que el Señor es tu socorro (360p_H.264-AAC).mp4
2025-03-09 14:20:03,965 - INFO - Excluir archivo: Marco Barrientos Transformados DVD(360p_H.264-AAC).mp4
2025-03-09 14:20:56,010 - INFO - Excluir archivo: Evangelio De Mateo Español 1 de 2.mkv
2025-03-09 14:20:56,010 - INFO - Excluir archivo: Evangelio De Mateo Español 2 de 2.mkv
2025-03-09 14:20:56,012 - INFO - Excluir archivo: La torre de Babel (720p_H264-mp4).mp4
2025-03-09 14:20:57,182 - INFO - Excluir archivo: Regiones de cautividad 1 - Ana Mendéz (360p).mp4
2025-03-09 14:20:57,182 - INFO - Excluir archivo: Regiones de cautividad 2 - Ana Mendéz (360p).mp4
2025-03-09 14:24:58,258 - INFO - Excluir archivo: El Fin de La Era - El Rapto - Ministerio Pasión por la Verdad.mp4
2025-03-09 14:24:58,258 - INFO - Excluir archivo: El Fin de La Era - Islam, El Anticristo, y la Bestia de Apocalipsis - Pasión por la Verdad.mp4
2025-03-09 14:24:58,258 - INFO - Excluir archivo: El Fin de la Era - ¿Qué es el Reino Milenial - Ministerio Pasión por la Verdad.mp4
2025-03-09 14:24:58,260 - INFO - Excluir archivo: Navidad, Janucá y el Anti-Cristo - Ministerio Pasión por la Verdad.mp4
2025-03-09 14:24:58,260 - INFO - Excluir archivo: Verdad o Tradición - ¿Deberían los Cristianos celebrar la Navidad y la Pascua\uf025.mp4
2025-03-09 14:26:06,583 - INFO - Excluir archivo: Corre por tu vida! Salva tu alma! por Carter Conlon.mp4
2025-03-09 14:26:06,583 - INFO - Excluir archivo: Cuarto de Guerra TS Esp.avi
2025-03-09 14:26:06,583 - INFO - Excluir archivo: Gran Especial de Salmos Cantados.mp4
2025-03-09 14:26:06,583 - INFO - Excluir archivo: MuroLamentaciones_MOV_0957.mp4
2025-03-09 14:26:06,583 - INFO - Excluir archivo: Salmo 23, Tehilim 23, Español Y Hebreo, Gad Elvaz,.mp4
2025-03-09 14:26:06,583 - INFO - Excluir archivo: Salmos Cantados en Hebreo tradución Español.mp4
2025-03-09 14:26:06,583 - INFO - Excluir archivo: venezuela_amazonas_clandestino.mp4
2025-03-09 14:26:06,584 - INFO - Excluir archivo: videoplayback.mp4
2025-03-09 14:26:43,219 - INFO - Excluir archivo: Cambiare mi tristeza.mp4
2025-03-09 14:28:32,653 - INFO - Excluir archivo: JOTTA A Clip Oficial Estoy Contigo HD CGospelMusic(1080p_H.264-AAC).mp4
2025-03-09 14:28:32,653 - INFO - Excluir archivo: JOTTA A. - Agnus Dei (HD)(1080p_H.264-AAC).mp4
2025-03-09 14:28:32,653 - INFO - Excluir archivo: JOTTA A. Amazing Grace HD   Français _ Español(720p_H.264-AAC).mp4
2025-03-09 14:28:32,653 - INFO - Excluir archivo: Melhores Momentos De Jotta A no Programa Raul Gil(360p_H.264-AAC).mp4
2025-03-09 14:29:41,639 - INFO - Excluir archivo: VID_20130622_115934.mp4
2025-03-09 14:29:54,872 - INFO - Excluir archivo: VID_20140227_181651.mp4
2025-03-09 14:29:54,872 - INFO - Excluir archivo: VID_20140227_181734.mp4
2025-03-09 14:29:54,872 - INFO - Excluir archivo: VID_20140227_181834.mp4
2025-03-09 14:29:54,872 - INFO - Excluir archivo: VID_20140227_181909.mp4
2025-03-09 14:29:54,872 - INFO - Excluir archivo: VID_20140227_182013.mp4
2025-03-09 14:29:54,872 - INFO - Excluir archivo: VID_20140305_182921.mp4
2025-03-09 14:29:54,872 - INFO - Excluir archivo: VID_20140305_183006.mp4
2025-03-09 14:29:54,872 - INFO - Excluir archivo: VID_20140305_183110.mp4
2025-03-09 14:30:54,046 - INFO - Excluir archivo: A Solo Piano Odyssey.mp4
2025-03-09 14:30:54,714 - INFO - Excluir archivo: Caminar Por Fe.mp4
2025-03-09 14:30:54,714 - INFO - Excluir archivo: Confia.mp4
2025-03-09 14:30:54,714 - INFO - Excluir archivo: El Dios de lo imposible.mp4
2025-03-09 14:30:54,714 - INFO - Excluir archivo: Tus Ojos.mp4
2025-03-09 14:31:20,700 - INFO - Excluir archivo: El Éxodo descifrado, documental Arqueológico.mp4
2025-03-09 14:31:20,723 - INFO - Excluir archivo: 04 La Familia de Jesús.mp4
2025-03-09 14:31:20,723 - INFO - Excluir archivo: 13 En Torno a la Crucifixión.mp4
2025-03-09 14:31:20,724 - INFO - Excluir archivo: 28 La Ultima Cena.mp4
2025-03-09 14:31:20,724 - INFO - Excluir archivo: 39 Los Años Perdidos de Jesús.mp4
2025-03-09 14:31:22,153 - INFO - Excluir archivo: Coalo Zamorano - «Que la luz brille sobre ti» Video sencillo HD(720p_H.264-AAC).mp4
2025-03-09 14:31:22,413 - INFO - Excluir archivo: La muerte del Apostol Pablo, Pedro, Esteban y otros martires Cristianos(360p_DASH_H.264-AAC).mp4
2025-03-09 14:31:27,990 - INFO - Excluir archivo: VID-20140216-WA0001.mp4
2025-03-09 14:31:27,990 - INFO - Excluir archivo: VID-20140217-WA0015.mp4
2025-03-09 14:31:27,990 - INFO - Excluir archivo: VID-20140218-WA0036.mp4
2025-03-09 14:31:28,047 - INFO - Excluir archivo: VID-20140219-WA0002.mp4
2025-03-09 14:31:28,047 - INFO - Excluir archivo: VID-20140219-WA0011.mp4
2025-03-09 14:31:28,047 - INFO - Excluir archivo: VID-20140220-WA0016.mp4
2025-03-09 14:31:28,048 - INFO - Excluir archivo: VID-20140223-WA0039.mp4
2025-03-09 14:31:28,084 - INFO - Excluir archivo: VID-20140224-WA0025.mp4
2025-03-09 14:31:28,085 - INFO - Excluir archivo: VID-20140225-WA0004.mp4
2025-03-09 14:31:28,085 - INFO - Excluir archivo: VID-20140225-WA0005.mp4
2025-03-09 14:31:28,085 - INFO - Excluir archivo: VID-20140225-WA0008.mp4
2025-03-09 14:31:28,086 - INFO - Excluir archivo: VID-20140225-WA0009.mp4
2025-03-09 14:31:28,086 - INFO - Excluir archivo: VID-20140227-WA0001.mp4
2025-03-09 14:31:28,086 - INFO - Excluir archivo: VID-20140228-WA0012.mp4
2025-03-09 14:31:28,086 - INFO - Excluir archivo: VID-20140228-WA0014.mp4
2025-03-09 14:31:28,087 - INFO - Excluir archivo: VID-20140303-WA0010.mp4
2025-03-09 14:31:28,211 - INFO - Excluir archivo: VID-20140307-WA0000.mp4
2025-03-09 14:31:28,211 - INFO - Excluir archivo: VID-20140307-WA0003.mp4
2025-03-09 14:31:30,793 - INFO - Excluir archivo: Calipso_FiturMadrid2015.m4v
2025-03-09 14:31:33,969 - INFO - Excluir archivo: VID_20141006_152427.mp4
2025-03-09 14:31:33,969 - INFO - Excluir archivo: VID_20141010_074953.mp4
2025-03-09 14:31:36,022 - INFO - Excluir archivo: No todo es lo que parece - el chino.mp4
2025-03-09 14:31:46,638 - INFO - Excluir archivo: Planet Earth Movil.mp4
2025-03-09 14:31:54,647 - INFO - Excluir archivo: porque_soy_hombre.mp4
2025-03-09 14:31:54,647 - INFO - Excluir archivo: VID-20140706-WA0001.mp4
2025-03-09 14:31:54,776 - INFO - Excluir archivo: VID-20140730-WA0000.mp4
2025-03-09 14:31:54,776 - INFO - Excluir archivo: VID-20140802-WA0001.mp4
2025-03-09 14:31:54,777 - INFO - Excluir archivo: VID-20140803-WA0013.mp4
2025-03-09 14:31:54,777 - INFO - Excluir archivo: VID-20140807-WA0009.mp4
2025-03-09 14:31:54,777 - INFO - Excluir archivo: VID-20140807-WA0010.mp4
2025-03-09 14:31:54,777 - INFO - Excluir archivo: VID-20140808-WA0000.mp4
2025-03-09 14:31:54,778 - INFO - Excluir archivo: VID-20140822-WA0001.mp4
2025-03-09 14:31:54,778 - INFO - Excluir archivo: VID-20140829-WA0000.mp4
2025-03-09 14:31:54,778 - INFO - Excluir archivo: VID-20140908-WA0002.mp4
2025-03-09 14:31:54,778 - INFO - Excluir archivo: VID-20140909-WA0000.mp4
2025-03-09 14:31:54,779 - INFO - Excluir archivo: VID-20141001-WA0006.mp4
2025-03-09 14:31:54,779 - INFO - Excluir archivo: VID-20141009-WA0000.mp4
2025-03-09 14:31:54,779 - INFO - Excluir archivo: VID-20141009-WA0004.mp4
2025-03-09 14:31:54,836 - INFO - Excluir archivo: VID-20141015-WA0001.mp4
2025-03-09 14:31:54,836 - INFO - Excluir archivo: VID-20141016-WA0003.mp4
2025-03-09 14:31:54,836 - INFO - Excluir archivo: VID-20141016-WA0004.mp4
2025-03-09 14:31:54,836 - INFO - Excluir archivo: VID-20141017-WA0001.mp4
2025-03-09 14:31:54,837 - INFO - Excluir archivo: VID-20141020-WA0003.mp4
2025-03-09 14:31:54,837 - INFO - Excluir archivo: VID-20141022-WA0001.mp4
2025-03-09 14:31:54,837 - INFO - Excluir archivo: VID-20141025-WA0005.mp4
2025-03-09 14:31:54,837 - INFO - Excluir archivo: VID-20141028-WA0002.mp4
2025-03-09 14:31:54,838 - INFO - Excluir archivo: VID-20141028-WA0003.mp4
2025-03-09 14:31:54,838 - INFO - Excluir archivo: VID-20141029-WA0003.mp4
2025-03-09 14:31:54,838 - INFO - Excluir archivo: VID-20141102-WA0010.mp4
2025-03-09 14:31:54,838 - INFO - Excluir archivo: VID-20141104-WA0002.mp4
2025-03-09 14:31:54,839 - INFO - Excluir archivo: VID-20141107-WA0000.mp4
2025-03-09 14:31:54,839 - INFO - Excluir archivo: VID-20141109-WA0000.mp4
2025-03-09 14:31:54,839 - INFO - Excluir archivo: VID-20141111-WA0001.mp4
2025-03-09 14:31:54,839 - INFO - Excluir archivo: VID-20141113-WA0001.mp4
2025-03-09 14:31:54,839 - INFO - Excluir archivo: VID-20141115-WA0003.mp4
2025-03-09 14:31:54,841 - INFO - Excluir archivo: VID-20141118-WA0000.mp4
2025-03-09 14:31:54,841 - INFO - Excluir archivo: VID-20141120-WA0006.mp4
2025-03-09 14:31:54,841 - INFO - Excluir archivo: VID-20141121-WA0000.mp4
2025-03-09 14:31:54,841 - INFO - Excluir archivo: VID-20141124-WA0000.mp4
2025-03-09 14:31:54,842 - INFO - Excluir archivo: VID-20141205-WA0002.mp4
2025-03-09 14:31:54,842 - INFO - Excluir archivo: VID-20141205-WA0003.mp4
2025-03-09 14:31:54,842 - INFO - Excluir archivo: VID-20141208-WA0003.mp4
2025-03-09 14:31:54,842 - INFO - Excluir archivo: VID-20141212-WA0007.mp4
2025-03-09 14:31:54,843 - INFO - Excluir archivo: VID-20141214-WA0004.mp4
2025-03-09 14:31:54,843 - INFO - Excluir archivo: VID-20141217-WA0006.mp4
2025-03-09 14:31:54,843 - INFO - Excluir archivo: VID-20141217-WA0007.mp4
2025-03-09 14:31:54,899 - INFO - Excluir archivo: VID-20141222-WA0006.mp4
2025-03-09 14:31:54,899 - INFO - Excluir archivo: VID-20141224-WA0016.mp4
2025-03-09 14:31:54,899 - INFO - Excluir archivo: VID-20141224-WA0018.mp4
2025-03-09 14:31:54,899 - INFO - Excluir archivo: VID-20141225-WA0019.mp4
2025-03-09 14:31:54,899 - INFO - Excluir archivo: VID-20141225-WA0024.mp4
2025-03-09 14:31:54,899 - INFO - Excluir archivo: VID-20141228-WA0000.mp4
2025-03-09 14:31:54,900 - INFO - Excluir archivo: VID-20141230-WA0003.mp4
2025-03-09 14:31:54,900 - INFO - Excluir archivo: VID-20141231-WA0010.mp4
2025-03-09 14:31:54,900 - INFO - Excluir archivo: VID-20150101-WA0011.mp4
2025-03-09 14:31:54,900 - INFO - Excluir archivo: VID-20150102-WA0007.mp4
2025-03-09 14:31:54,900 - INFO - Excluir archivo: VID-20150106-WA0001.mp4
2025-03-09 14:31:54,900 - INFO - Excluir archivo: VID-20150106-WA0002.mp4
2025-03-09 14:31:54,900 - INFO - Excluir archivo: VID-20150112-WA0002.mp4
2025-03-09 14:31:54,900 - INFO - Excluir archivo: VID-20150120-WA0001.mp4
2025-03-09 14:31:54,901 - INFO - Excluir archivo: VID-20150121-WA0004.mp4
2025-03-09 14:31:54,901 - INFO - Excluir archivo: VID-20150122-WA0001.mp4
2025-03-09 14:31:54,901 - INFO - Excluir archivo: VID-20150123-WA0006.mp4
2025-03-09 14:31:54,901 - INFO - Excluir archivo: VID-20150123-WA0007.mp4
2025-03-09 14:31:54,902 - INFO - Excluir archivo: VID-20141010-WA0000.mp4
2025-03-09 14:32:05,613 - INFO - Excluir archivo: The Big Bang Theory s07e15 [HDTv-Esp].avi
2025-03-09 14:32:05,613 - INFO - Excluir archivo: The Big Bang Theory s07e16 [HDTv-Esp].avi
2025-03-09 14:32:05,613 - INFO - Excluir archivo: The Big Bang Theory s07e17 [HDTv-Esp].avi
2025-03-09 14:32:05,613 - INFO - Excluir archivo: The Big Bang Theory s07e18 [HDTv-Esp].avi
2025-03-09 14:34:09,899 - INFO - Excluir archivo: IMG_0260.mp4
2025-03-09 14:35:17,283 - INFO - Excluir archivo: MOV00486.MP4
2025-03-09 14:35:17,283 - INFO - Excluir archivo: MOV00488.MP4
2025-03-09 14:35:17,283 - INFO - Excluir archivo: MOV00500.MP4
2025-03-09 14:35:17,283 - INFO - Excluir archivo: MOV00503.MP4
2025-03-09 14:35:17,283 - INFO - Excluir archivo: MOV00504.MP4
2025-03-09 14:35:17,283 - INFO - Excluir archivo: MOV00510.MP4
2025-03-09 14:35:17,283 - INFO - Excluir archivo: MOV00512.MP4
2025-03-09 14:35:17,283 - INFO - Excluir archivo: MOV00513.MP4
2025-03-09 14:35:17,283 - INFO - Excluir archivo: MOV00534.MP4
2025-03-09 14:35:17,917 - INFO - Excluir archivo: MOV00611.MP4
2025-03-09 14:35:17,917 - INFO - Excluir archivo: MOV00612.MP4
2025-03-09 14:35:17,917 - INFO - Excluir archivo: MOV00613.MP4
2025-03-09 14:35:17,917 - INFO - Excluir archivo: MOV00614.MP4
2025-03-09 14:35:17,917 - INFO - Excluir archivo: MOV00615.MP4
2025-03-09 14:35:17,917 - INFO - Excluir archivo: MOV00616.MP4
2025-03-09 14:35:17,917 - INFO - Excluir archivo: MOV00617.MP4
2025-03-09 14:35:17,917 - INFO - Excluir archivo: MOV00618.MP4
2025-03-09 14:35:17,917 - INFO - Excluir archivo: MOV00651.MP4
2025-03-09 14:35:17,918 - INFO - Excluir archivo: MOV00657.MP4
2025-03-09 14:35:17,918 - INFO - Excluir archivo: MOV00660.MP4
2025-03-09 14:35:17,918 - INFO - Excluir archivo: MOV00661.MP4
2025-03-09 14:37:24,937 - INFO - Excluir archivo: BdV_ClaveNet_tarjeta2.m4v
2025-03-09 14:37:25,078 - INFO - Excluir archivo: 1. Una luz para el mundo.mp4
2025-03-09 14:37:25,078 - INFO - Excluir archivo: 10. Cambiando al mundo que nos rodea.mp4
2025-03-09 14:37:25,078 - INFO - Excluir archivo: 2. Los instrumentos de la orquesta de Dios.mp4
2025-03-09 14:37:25,078 - INFO - Excluir archivo: 3. El amor de Dios es contagioso.mp4
2025-03-09 14:37:25,079 - INFO - Excluir archivo: 4. Una historia que deja sin aliento.mp4
2025-03-09 14:37:25,079 - INFO - Excluir archivo: 5. Como fortalecer nuestra vida espiritual.mp4
2025-03-09 14:37:25,079 - INFO - Excluir archivo: 6. Viviendo sin temor.mp4
2025-03-09 14:37:52,863 - INFO - Excluir archivo: Actualizaciones de iOS por el aire.mp4
2025-03-09 14:37:52,863 - INFO - Excluir archivo: Airplay Mirroring para iPhone 4S e iPad 2.mp4
2025-03-09 14:37:52,863 - INFO - Excluir archivo: Como compartir Internet entre dispositivos iOS y Mac.mp4
2025-03-09 14:37:52,863 - INFO - Excluir archivo: Como crear funciones rápidas de teclado.m4v
2025-03-09 14:37:52,863 - INFO - Excluir archivo: Configura Buscar mi iPhone_iPad_Mac en iOS 5.mp4
2025-03-09 14:37:52,863 - INFO - Excluir archivo: Gestion de almacenamiento y copias de seguridad en iCloud e iOS5.mp4
2025-03-09 14:37:52,863 - INFO - Excluir archivo: iTunes U, nueva aplicación educativa de Apple.mp4
2025-03-09 14:37:52,864 - INFO - Excluir archivo: Nuevo Acceso a la Cámara con iOS 5.m4v
2025-03-09 14:37:52,864 - INFO - Excluir archivo: Sincronización vía WiFi con iTunes.m4v
2025-03-09 14:37:52,867 - INFO - Excluir archivo: Redes 100_ La ciencia de la belleza.m4v
2025-03-09 14:37:52,867 - INFO - Excluir archivo: Redes 101_ El declive de la violencia.m4v
2025-03-09 14:37:52,867 - INFO - Excluir archivo: Redes 102_ La manera disruptiva de aprender.m4v
2025-03-09 14:37:52,867 - INFO - Excluir archivo: Redes 103_ Rediseñaremos a los seres humanos.m4v
2025-03-09 14:37:52,867 - INFO - Excluir archivo: Redes 105_ Música, emociones y neurociencia.m4v
2025-03-09 14:37:52,868 - INFO - Excluir archivo: Redes 107_ Genes en lugar de fármacos.m4v
2025-03-09 14:37:52,868 - INFO - Excluir archivo: Redes 108_ El cerebro construye la realidad.m4v
2025-03-09 14:37:52,868 - INFO - Excluir archivo: Redes 109_ Lo que importa son los demás.m4v
2025-03-09 14:37:52,868 - INFO - Excluir archivo: Redes 128_ Conocimiento accesible para todos.m4v
2025-03-09 14:37:52,868 - INFO - Excluir archivo: Redes 129_ Cómo nos influyen los videojuegos.m4v
2025-03-09 14:37:52,868 - INFO - Excluir archivo: Redes 130_ Aprender a gestionar las emociones.m4v
2025-03-09 14:37:52,868 - INFO - Excluir archivo: Redes 131_ Somos optimistas por naturaleza.m4v
2025-03-09 14:37:52,868 - INFO - Excluir archivo: Redes 132_ ¿Existe la nada_.m4v
2025-03-09 14:37:52,868 - INFO - Excluir archivo: Redes 82_ Las simetrías del universo.m4v
2025-03-09 14:37:52,868 - INFO - Excluir archivo: Redes 85_ Antes y después de conocer el cerebro.m4v
2025-03-09 14:37:52,869 - INFO - Excluir archivo: Redes 86_ En lugar de enfermedades, cuidar la salud.m4v
2025-03-09 14:37:52,869 - INFO - Excluir archivo: Redes 87_ El sistema educativo es anacrónico.m4v
2025-03-09 14:37:52,869 - INFO - Excluir archivo: Redes 88_ No éramos únicos. Ahora lo somos.m4v
2025-03-09 14:37:52,869 - INFO - Excluir archivo: Redes 89_ Los secretos de la creatividad.m4v
2025-03-09 14:37:52,869 - INFO - Excluir archivo: Redes 90_ El poder de las redes sociales.m4v
2025-03-09 14:37:52,869 - INFO - Excluir archivo: Redes 91_ Luz y oxígeno para curar.m4v
2025-03-09 14:37:52,869 - INFO - Excluir archivo: Redes 92_ Los orígenes de las especies.m4v
2025-03-09 14:37:52,869 - INFO - Excluir archivo: Redes 96_ El azote del Alzheimer.m4v
2025-03-09 14:37:54,941 - INFO - Excluir archivo: Documental sobre la biblia, el libro indestructible.mp4
2025-03-09 14:37:54,941 - INFO - Excluir archivo: El acontecimiento - El Fin de los tiempos.mp4
2025-03-09 14:37:54,941 - INFO - Excluir archivo: El Apocalipsis.mp4
2025-03-09 14:37:54,942 - INFO - Excluir archivo: El Éxodo descifrado, documental Arqueológico.mp4
2025-03-09 14:37:54,942 - INFO - Excluir archivo: Hechos de los Apostoles I.mp4
2025-03-09 14:37:54,942 - INFO - Excluir archivo: Hechos de los Apostoles II.mp4
2025-03-09 14:37:54,942 - INFO - Excluir archivo: La vida de Jesus, historia de jesús biblico, jesucristo en video.mp4
2025-03-09 14:37:54,942 - INFO - Excluir archivo: Los que se quedaron.mp4
2025-03-09 14:37:54,942 - INFO - Excluir archivo: Obstáculos en el camino al infierno.m4v
2025-03-09 14:37:54,953 - INFO - Excluir archivo: 10-01-2010 1de3.mp4
2025-03-09 14:37:54,953 - INFO - Excluir archivo: 10-01-2010 2de3.mp4
2025-03-09 14:37:54,953 - INFO - Excluir archivo: 10-01-2010 3de3.mp4
2025-03-09 14:37:54,953 - INFO - Excluir archivo: 17-01-2010 1de3.mp4
2025-03-09 14:37:54,953 - INFO - Excluir archivo: 17-01-2010 2de3.mp4
2025-03-09 14:37:54,954 - INFO - Excluir archivo: 17-01-2010 3de3.mp4
2025-03-09 14:37:54,954 - INFO - Excluir archivo: Apocalipsis ¿el fin del mundo 1de3_.mp4
2025-03-09 14:37:54,954 - INFO - Excluir archivo: Apocalipsis ¿el fin del mundo 2de3_.mp4
2025-03-09 14:37:54,954 - INFO - Excluir archivo: Apocalipsis ¿el fin del mundo 3de3_.mp4
2025-03-09 14:37:54,954 - INFO - Excluir archivo: Inestabilidad global 1de3 - profecias y mensajes.mp4
2025-03-09 14:37:54,954 - INFO - Excluir archivo: Inestabilidad global 2de3 - profecias y mensajes.mp4
2025-03-09 14:37:54,954 - INFO - Excluir archivo: Inestabilidad global 3de3 - profecias y mensajes.mp4
2025-03-09 14:37:54,964 - INFO - Excluir archivo: La idolatria y los demonios (predica 1).m4v
2025-03-09 14:37:54,964 - INFO - Excluir archivo: La idolatria y los demonios (predica 2).m4v
2025-03-09 14:38:13,224 - INFO - Excluir archivo: Coldplay - A Sky Full Of Stars.mp4
2025-03-09 14:38:13,224 - INFO - Excluir archivo: Coldplay - Every Teardrop Is a Waterfall.mp4
2025-03-09 14:38:13,224 - INFO - Excluir archivo: Coldplay - The Hardest Part.mp4
2025-03-09 14:38:13,224 - INFO - Excluir archivo: Corre por tu vida! por Carter Conlon.mp4
2025-03-09 14:38:13,224 - INFO - Excluir archivo: Corre por tu vida! Salva tu alma! por Carter Conlon.mp4
2025-03-09 14:38:13,224 - INFO - Excluir archivo: Verdad o Tradición - ¿Deberían los Cristianos celebrar la Navidad y la Pascua.mp4
2025-03-09 14:38:22,715 - INFO - Excluir archivo: MOV_0291.mp4
2025-03-09 14:38:22,715 - INFO - Excluir archivo: MOV_0292.mp4
2025-03-09 14:38:22,715 - INFO - Excluir archivo: MOV_0374.mp4
2025-03-09 14:38:22,715 - INFO - Excluir archivo: MOV_0382.mp4
2025-03-09 14:38:22,715 - INFO - Excluir archivo: MOV_0390.mp4
2025-03-09 14:38:22,715 - INFO - Excluir archivo: MOV_0391.mp4
2025-03-09 14:38:22,715 - INFO - Excluir archivo: MOV_0410.mp4
2025-03-09 14:38:22,715 - INFO - Excluir archivo: MOV_0411.mp4
2025-03-09 14:38:22,716 - INFO - Excluir archivo: MOV_0412.mp4
2025-03-09 14:38:22,716 - INFO - Excluir archivo: MOV_0413.mp4
2025-03-09 14:38:22,716 - INFO - Excluir archivo: MOV_0430.mp4
2025-03-09 14:38:22,991 - INFO - Excluir archivo: MovieCreator_20150817131106.mp4
2025-03-09 14:38:24,117 - INFO - Excluir archivo: VID-20150928-WA0028.mp4
2025-03-09 14:38:27,195 - INFO - Excluir archivo: Gran Especial de Salmos Cantados.mp4
2025-03-09 14:38:56,260 - INFO - Excluir archivo: Planet Earth Movil.mp4
2025-03-09 14:38:56,450 - INFO - Excluir archivo: De Quien Temeré (Official Lyric Video).mp4
2025-03-09 14:38:57,277 - INFO - Excluir archivo: El Gran Yo Soy (Official Lyric Video).mp4
2025-03-09 14:38:57,277 - INFO - Excluir archivo: Jehová (Official Lyric Video).mp4
2025-03-09 14:38:57,277 - INFO - Excluir archivo: Nadie Como Tu (Official Lyric Video).mp4
2025-03-09 14:38:57,277 - INFO - Excluir archivo: Nombre Sin Igual (Official Lyric Video).mp4
2025-03-09 14:39:03,901 - INFO - Excluir archivo: Creeré (música y letra).mp4
2025-03-09 14:39:03,901 - INFO - Excluir archivo: Creeré.mp4
2025-03-09 14:39:03,901 - INFO - Excluir archivo: Mi Ultimo Día.mp4
2025-03-09 14:39:12,463 - INFO - Excluir archivo: VID-20150716-WA0001.mp4
2025-03-09 14:39:12,463 - INFO - Excluir archivo: VID-20150803-WA0003.mp4
2025-03-09 14:39:12,464 - INFO - Excluir archivo: VID-20150810-WA0000.mp4
2025-03-09 14:39:12,464 - INFO - Excluir archivo: VID-20150816-WA0015.mp4
2025-03-09 14:39:12,464 - INFO - Excluir archivo: VID-20150826-WA0006.mp4
2025-03-09 14:39:12,464 - INFO - Excluir archivo: VID-20150910-WA0000.mp4
2025-03-09 14:39:12,465 - INFO - Excluir archivo: VID-20150912-WA0003.mp4
2025-03-09 14:39:12,465 - INFO - Excluir archivo: VID-20151003-WA0004.mp4
2025-03-09 14:39:12,465 - INFO - Excluir archivo: VID-20151014-WA0000.mp4
2025-03-09 14:39:12,465 - INFO - Excluir archivo: VID-20151016-WA0002.mp4
2025-03-09 14:39:12,466 - INFO - Excluir archivo: VID-20151018-WA0009.mp4
2025-03-09 14:39:12,466 - INFO - Excluir archivo: VID-20151018-WA0010.mp4
2025-03-09 14:39:12,466 - INFO - Excluir archivo: VID-20151020-WA0014.mp4
2025-03-09 14:39:12,466 - INFO - Excluir archivo: VID-20151025-WA0001.mp4
2025-03-09 14:39:12,467 - INFO - Excluir archivo: VID-20151027-WA0001.mp4
2025-03-09 14:39:12,467 - INFO - Excluir archivo: VID-20151028-WA0001.mp4
2025-03-09 14:39:12,467 - INFO - Excluir archivo: VID-20151101-WA0013.mp4
2025-03-09 14:39:12,467 - INFO - Excluir archivo: VID-20151101-WA0027.mp4
2025-03-09 14:39:12,468 - INFO - Excluir archivo: VID-20151101-WA0028.mp4
2025-03-09 14:39:12,468 - INFO - Excluir archivo: VID-20151101-WA0030.mp4
2025-03-09 14:39:12,468 - INFO - Excluir archivo: VID-20151101-WA0032.mp4
2025-03-09 14:39:12,468 - INFO - Excluir archivo: VID-20151103-WA0000.mp4
2025-03-09 14:39:12,474 - INFO - Excluir archivo: VID-20150817-WA0001.mp4
2025-03-09 14:39:12,474 - INFO - Excluir archivo: VID-20150912-WA0004.mp4
2025-03-09 14:39:12,474 - INFO - Excluir archivo: VID-20151018-WA0005.mp4
2025-03-09 14:39:12,474 - INFO - Excluir archivo: VID-20151018-WA0006.mp4
2025-03-09 14:39:12,474 - INFO - Excluir archivo: VID-20151018-WA0007.mp4
2025-03-09 14:39:12,476 - INFO - Excluir archivo: VID-20151018-WA0008.mp4
2025-03-09 14:39:12,476 - INFO - Excluir archivo: VID-20151101-WA0019.mp4
2025-03-09 14:39:16,345 - INFO - Excluir archivo: Haim Israel y Mima Amaquin - Salmo130.mp4
2025-03-09 14:39:18,375 - INFO - Excluir archivo: MOV_0260.mp4
2025-03-09 14:39:21,138 - INFO - Excluir archivo: audioclip-1429211364000-36723.mp4
2025-03-09 14:39:21,139 - INFO - Excluir archivo: audioclip-1429256555000-59673.mp4
2025-03-09 14:39:21,139 - INFO - Excluir archivo: audioclip-1429256698000-59649.mp4
2025-03-09 14:39:21,139 - INFO - Excluir archivo: audioclip-1430732221000-59562.mp4.mp4
2025-03-09 14:39:21,953 - INFO - Excluir archivo: Feliz Cumpleaños (cristiano).mp4
2025-03-09 14:39:21,953 - INFO - Excluir archivo: Fiumicino 136.MP4
2025-03-09 14:39:23,158 - INFO - Excluir archivo: IMG_0209_web-iPhone.m4v
2025-03-09 14:39:25,118 - INFO - Excluir archivo: NO TEMAS, YO ESTOY CONTIGO(360p_H.264-AAC).mp4
2025-03-09 14:39:25,118 - INFO - Excluir archivo: NO TEMAS, YO ESTOY CONTIGO.mp4
2025-03-09 14:39:25,119 - INFO - Excluir archivo: No todo es lo que parece - el chino.mp4
2025-03-09 14:39:26,525 - INFO - Excluir archivo: TalkingTom.mp4
2025-03-09 14:39:26,939 - INFO - Excluir archivo: VIDEO RED ONE EN HD CON INTRO (VERSION DICIEMBRE 2014) 8 mbps_1.mp4
2025-03-09 14:39:27,353 - INFO - Excluir archivo: Arca de la Alianza i - [vimeo_160428078].mp4
2025-03-09 14:39:27,353 - INFO - Excluir archivo: Arca de la Alianza ii - [vimeo_160829399].mp4
2025-03-09 14:39:27,353 - INFO - Excluir archivo: Arca de la Alianza iii - [vimeo_160838554].mp4
2025-03-09 14:39:27,353 - INFO - Excluir archivo: Arca de la Alianza iv - [vimeo_162413017].mp4
2025-03-09 14:39:27,353 - INFO - Excluir archivo: Arca de la Alianza v - [vimeo_162418186].mp4
2025-03-09 14:39:27,353 - INFO - Excluir archivo: Arca de la Alianza vi - [vimeo_162423051].mp4
2025-03-09 14:39:46,386 - INFO - Excluir archivo: Jane, Ester y Sam en Africa.mp4
2025-03-09 14:39:48,537 - INFO - Excluir archivo: IMG_0209_web-iPhone.m4v
2025-03-09 14:40:31,313 - INFO - Excluir archivo: Feliz Cumpleaños (cristiano).mp4
2025-03-09 14:40:51,350 - INFO - Excluir archivo: La Historia de las Cosas.mp4
2025-03-09 14:43:22,583 - INFO - Excluir archivo: Feliz Cumpleaños (cristiano).mp4
2025-03-09 14:43:44,167 - INFO - Excluir archivo: La Historia de las Cosas.mp4
2025-03-09 14:44:31,369 - INFO - Excluir archivo: 20160907_175109.mp4
2025-03-09 14:44:31,586 - INFO - Excluir archivo: 20160907_175354.mp4
2025-03-09 14:44:31,869 - INFO - Excluir archivo: 20160907_180908.mp4
2025-03-09 14:44:31,869 - INFO - Excluir archivo: 20160907_182245.mp4
2025-03-09 14:44:31,905 - INFO - Excluir archivo: 20160907_182457.mp4
2025-03-09 14:44:32,057 - INFO - Excluir archivo: 20160907_183836.mp4
2025-03-09 14:45:49,202 - INFO - Excluir archivo: MOV_0984.mp4
2025-03-09 14:45:49,202 - INFO - Excluir archivo: MOV_0985.mp4
2025-03-09 14:45:49,203 - INFO - Excluir archivo: MOV_0986.mp4
2025-03-09 14:45:58,398 - INFO - Excluir archivo: Christine Dclario - No Hay Lugar Más Alto (feat Miel San Marcos) [HD1080p].mp4
2025-03-09 14:45:58,399 - INFO - Excluir archivo: Haim Israel y Mima Amaquin - Salmo130.mp4
2025-03-09 14:45:58,399 - INFO - Excluir archivo: Paul Wilbur - No hay nadie como tú [HD1080p].mp4
2025-03-09 14:45:58,399 - INFO - Excluir archivo: Salmo 23 Tehilim Esp Hebreo Gad Elvaz [480p].mp4
2025-03-09 14:45:58,410 - INFO - Excluir archivo: Hillsong - I Surrender (live) [HD1080p][es-en].mp4
2025-03-09 14:45:58,410 - INFO - Excluir archivo: Hillsong - Oceans (where feet may fail) [HD1080p][es-en].mp4
2025-03-09 14:45:58,410 - INFO - Excluir archivo: Jotta A - Agnus Dei.mp4
2025-03-09 14:46:22,096 - INFO - Excluir archivo: Hillsong - I Surrender (live) [HD1080p][es-en].mp4
2025-03-09 14:46:22,096 - INFO - Excluir archivo: Hillsong - Oceans (where feet may fail) [HD1080p][es-en].mp4
2025-03-09 14:46:22,096 - INFO - Excluir archivo: Paul Wilbur - No hay nadie como tú [HD1080p].mp4
2025-03-09 14:46:24,009 - INFO - Excluir archivo: Christine Dclario - No Hay Lugar Más Alto (feat Miel San Marcos) [HD1080p].mp4
2025-03-09 14:46:24,009 - INFO - Excluir archivo: Haim Israel y Mima Amaquin - Salmo130.mp4
2025-03-09 14:46:24,738 - INFO - Excluir archivo: Jotta A - Agnus Dei.mp4
2025-03-09 14:46:24,738 - INFO - Excluir archivo: Salmo 23 Tehilim Esp Hebreo Gad Elvaz [480p].mp4
2025-03-09 14:48:39,545 - INFO - Excluir archivo: 20151114_082801.mp4
2025-03-09 14:49:01,333 - INFO - Excluir archivo: 20151115_110940.mp4
2025-03-09 14:50:06,088 - INFO - Excluir archivo: 20151117_203326.mp4
2025-03-09 14:50:24,719 - INFO - Excluir archivo: 20151118_142309.mp4
2025-03-09 14:50:50,990 - INFO - Excluir archivo: Acercate a Dios para adorar (paz, bendición y clamor).mp4
2025-03-09 14:50:50,990 - INFO - Excluir archivo: EAdA - Sesion 1 - Leccion 2 - 05nov2013 - 208574923.mp4
2025-03-09 14:50:50,990 - INFO - Excluir archivo: Haim Israel y Mima Amaquin - Salmo130.mp4
2025-03-09 14:50:50,991 - INFO - Excluir archivo: Hillsong - I Surrender (live) [HD1080p][es-en].mp4
2025-03-09 14:50:50,991 - INFO - Excluir archivo: Hosanna (pista).mp4
2025-03-09 14:50:50,991 - INFO - Excluir archivo: Hosanna (Versión Oficial En Español) - Karaoke Pista.mp4
2025-03-09 14:50:50,991 - INFO - Excluir archivo: Hosanna - Español (Spanish).mp4
2025-03-09 14:50:50,991 - INFO - Excluir archivo: MuroLamentaciones_MOV_0957.mp4
2025-03-09 14:50:50,992 - INFO - Excluir archivo: Salmo 23, Tehilim 23, Español Y Hebreo, Gad Elvaz,.mp4
2025-03-09 14:50:50,992 - INFO - Excluir archivo: Tus Ojos.mp4
2025-03-09 14:50:50,992 - INFO - Excluir archivo: Vengo a adorarte.mp4
2025-03-09 14:50:50,992 - INFO - Excluir archivo: Verdad o Tradición - ¿Deberían los Cristianos celebrar la Navidad y la Pascua.mp4
2025-03-09 14:51:25,736 - INFO - Excluir archivo: Apocalipsis_cap1.mp4
2025-03-09 14:51:25,738 - INFO - Excluir archivo: Apocalipsis_cap2.mp4
2025-03-09 14:51:25,740 - INFO - Excluir archivo: Apocalipsis_cap3.mp4
2025-03-09 14:51:25,742 - INFO - Excluir archivo: Apocalipsis_cap4.mp4
2025-03-09 14:51:25,744 - INFO - Excluir archivo: Documental sobre la biblia, el libro indestructible.mp4
2025-03-09 14:51:25,746 - INFO - Excluir archivo: El acontecimiento - El Fin de los tiempos.mp4
2025-03-09 14:51:25,747 - INFO - Excluir archivo: El Apocalipsis.mp4
2025-03-09 14:51:25,750 - INFO - Excluir archivo: El Éxodo descifrado, documental Arqueológico.mp4
2025-03-09 14:51:25,752 - INFO - Excluir archivo: Hechos de los Apostoles I.mp4
2025-03-09 14:51:25,753 - INFO - Excluir archivo: Hechos de los Apostoles II.mp4
2025-03-09 14:51:25,755 - INFO - Excluir archivo: La Historia de las Cosas.mp4
2025-03-09 14:51:25,757 - INFO - Excluir archivo: La vida de Jesus, historia de jesús biblico, jesucristo en video.mp4
2025-03-09 14:51:25,759 - INFO - Excluir archivo: Los que se quedaron.mp4
2025-03-09 14:52:05,986 - INFO - Excluir archivo: 01 Natividad La Historia.mp4
2025-03-09 14:52:05,987 - INFO - Excluir archivo: Obstáculos en el camino al infierno.m4v
2025-03-09 14:52:05,987 - INFO - Excluir archivo: The Gospel Of John VOSe.mp4
2025-03-09 14:52:05,990 - INFO - Excluir archivo: Andrea Bocelli- Santa la Noche( O Holy Night) sd.mp4
2025-03-09 14:53:29,784 - INFO - Excluir archivo: Hosanna [Letra].mp4
2025-03-09 14:53:52,370 - INFO - Excluir archivo: Concierto Ayer Te Vi.mp4
2025-03-09 14:53:54,264 - INFO - Excluir archivo: Asi Te Anhelo.mp4
2025-03-09 14:53:54,264 - INFO - Excluir archivo: Cerca De Jesús.mp4
2025-03-09 14:53:54,264 - INFO - Excluir archivo: Jesús (En Vivo).mp4
2025-03-09 14:53:58,656 - INFO - Excluir archivo: Ayer te vi, Fue mas claro que la luna.m4v
2025-03-09 14:53:58,656 - INFO - Excluir archivo: Por un intstante de tu amor.m4v
2025-03-09 14:53:58,656 - INFO - Excluir archivo: Princesas Mágicas.m4v
2025-03-09 14:53:58,656 - INFO - Excluir archivo: Que Seria de mi.M4V
2025-03-09 14:53:58,656 - INFO - Excluir archivo: Razones pa' Vivir.m4v
2025-03-09 14:53:58,656 - INFO - Excluir archivo: Tú Estás Aquí (en vivo).m4v
2025-03-09 14:54:03,027 - INFO - Excluir archivo: Planet Earth Movil.mp4
2025-03-09 14:54:04,495 - INFO - Excluir archivo: Algo grande viene.mp4
2025-03-09 14:54:04,496 - INFO - Excluir archivo: Caminar Por Fe.mp4
2025-03-09 14:54:04,497 - INFO - Excluir archivo: Confia.mp4
2025-03-09 14:54:04,497 - INFO - Excluir archivo: El Dios de lo imposible.mp4
2025-03-09 14:54:13,355 - INFO - Excluir archivo: De Quien Temeré (Official Lyric Video).mp4
2025-03-09 14:54:14,177 - INFO - Excluir archivo: El Gran Yo Soy (Official Lyric Video).mp4
2025-03-09 14:54:14,177 - INFO - Excluir archivo: Jehová (Official Lyric Video).mp4
2025-03-09 14:54:14,177 - INFO - Excluir archivo: Nadie Como Tu (Official Lyric Video).mp4
2025-03-09 14:54:14,177 - INFO - Excluir archivo: Nombre Sin Igual (Official Lyric Video).mp4
2025-03-09 14:54:29,883 - INFO - Excluir archivo: Avívanos (extra1) 2.mp4
2025-03-09 14:54:29,883 - INFO - Excluir archivo: Avívanos (extra1).mp4
2025-03-09 14:54:29,883 - INFO - Excluir archivo: Avívanos (Live).mp4
2025-03-09 14:54:29,884 - INFO - Excluir archivo: Hossana (Vid.Oficial+Letra).mp4
2025-03-09 14:54:32,693 - INFO - Excluir archivo: Abre mis ojos (con Danilo Montero).mp4
2025-03-09 14:54:32,693 - INFO - Excluir archivo: Levántate y Resplandece  Sin reservas.mp4
2025-03-09 14:54:32,693 - INFO - Excluir archivo: Manda el Fuego.mp4
2025-03-09 14:54:34,982 - INFO - Excluir archivo: TransformadosDVD_title_1.mp4
2025-03-09 14:54:34,982 - INFO - Excluir archivo: TransformadosDVD_title_2.mp4
2025-03-09 14:54:34,982 - INFO - Excluir archivo: TransformadosDVD_title_3.mp4
2025-03-09 14:54:34,982 - INFO - Excluir archivo: TransformadosDVD_title_4.mp4
2025-03-09 14:54:34,983 - INFO - Excluir archivo: TransformadosDVD_title_5.mp4
2025-03-09 14:54:34,983 - INFO - Excluir archivo: TransformadosDVD_title_6.mp4
2025-03-09 14:54:34,983 - INFO - Excluir archivo: TransformadosDVD_title_8.mp4
2025-03-09 14:55:05,991 - INFO - Excluir archivo: Quien nos Separará del Amor de Dios(360p_H.264-AAC).mp4
2025-03-09 14:55:06,165 - INFO - Excluir archivo: Salmo 121 Recuerda que el Señor es tu socorro (360p_H.264-AAC).mp4
2025-03-09 14:55:32,468 - INFO - Excluir archivo: Creeré (música y letra).mp4
2025-03-09 14:55:32,468 - INFO - Excluir archivo: Creeré.mp4
2025-03-09 14:55:32,468 - INFO - Excluir archivo: Mi Ultimo Día.mp4
2025-03-09 14:55:56,260 - INFO - Excluir archivo: 04 La Familia de Jesús.mp4
2025-03-09 14:55:56,260 - INFO - Excluir archivo: 12 El Arca Perdida.mp4
2025-03-09 14:55:56,260 - INFO - Excluir archivo: 13 En Torno a la Crucifixión.mp4
2025-03-09 14:55:56,260 - INFO - Excluir archivo: 24 Tras la Cruz Verdadera.mp4
2025-03-09 14:55:56,260 - INFO - Excluir archivo: 28 La Ultima Cena.mp4
2025-03-09 14:55:56,260 - INFO - Excluir archivo: 30 El Santo Grial.mp4
2025-03-09 14:55:56,260 - INFO - Excluir archivo: 38 Las Murallas de Jericó.mp4
2025-03-09 14:55:56,260 - INFO - Excluir archivo: 39 Los Años Perdidos de Jesús.mp4
2025-03-09 14:55:56,271 - INFO - Excluir archivo: 10-01-2010 1de3.mp4
2025-03-09 14:55:56,271 - INFO - Excluir archivo: 10-01-2010 2de3.mp4
2025-03-09 14:55:56,271 - INFO - Excluir archivo: 10-01-2010 3de3.mp4
2025-03-09 14:55:56,271 - INFO - Excluir archivo: 17-01-2010 1de3.mp4
2025-03-09 14:55:56,271 - INFO - Excluir archivo: 17-01-2010 2de3.mp4
2025-03-09 14:55:56,271 - INFO - Excluir archivo: 17-01-2010 3de3.mp4
2025-03-09 14:55:56,272 - INFO - Excluir archivo: Apocalipsis ¿el fin del mundo 1de3_.mp4
2025-03-09 14:55:56,272 - INFO - Excluir archivo: Apocalipsis ¿el fin del mundo 2de3_.mp4
2025-03-09 14:55:56,272 - INFO - Excluir archivo: Apocalipsis ¿el fin del mundo 3de3_.mp4
2025-03-09 14:55:56,272 - INFO - Excluir archivo: Inestabilidad global 1de3 - profecias y mensajes.mp4
2025-03-09 14:55:56,272 - INFO - Excluir archivo: Inestabilidad global 2de3 - profecias y mensajes.mp4
2025-03-09 14:55:56,272 - INFO - Excluir archivo: Inestabilidad global 3de3 - profecias y mensajes.mp4
2025-03-09 14:55:56,282 - INFO - Excluir archivo: 01 1x01 Anarquía.m4v
2025-03-09 14:55:56,282 - INFO - Excluir archivo: 1x02 Maestro constructor.mp4
2025-03-09 14:55:56,282 - INFO - Excluir archivo: 1x03 Redencion.mp4
2025-03-09 14:55:56,282 - INFO - Excluir archivo: 1x04 Campo de Batalla.mp4
2025-03-09 14:55:56,283 - INFO - Excluir archivo: 1x05 Legado.mp4
2025-03-09 14:55:56,283 - INFO - Excluir archivo: 1x06 Brujeria.mp4
2025-03-09 14:55:56,283 - INFO - Excluir archivo: 1x07 Nuevos comienzos.mp4
2025-03-09 14:55:56,283 - INFO - Excluir archivo: 1x08 El trabajo de los Angeles.mp4
2025-03-09 14:55:56,293 - INFO - Excluir archivo: El solfeo espiritual.mp4
2025-03-09 14:55:56,293 - INFO - Excluir archivo: La tierra prometida (Israel. Gustavo Perednik).mp4
2025-03-09 14:55:56,293 - INFO - Excluir archivo: Pesaj fiesta de la libertad.mp4
2025-03-09 14:55:56,293 - INFO - Excluir archivo: Redescubrir al ser humano (Profesor Rosemberg).mp4
2025-03-09 14:55:56,294 - INFO - Excluir archivo: Yerusalaim, la ciudad eterna (Gustavo Perednik).mp4
2025-03-09 14:55:56,548 - INFO - Excluir archivo: Agnus Dei 1080p.mp4
2025-03-09 14:55:56,548 - INFO - Excluir archivo: Crisis de Identidad - Ministerio Pasión por la Verdad.mp4
2025-03-09 14:55:56,549 - INFO - Excluir archivo: Grana y Oro Jose Tomas (21_09_2012).mp4
2025-03-09 14:55:56,549 - INFO - Excluir archivo: Jose Tomas - La tarde historica en Madrid - 13-06-2008.avi
2025-03-09 14:55:56,550 - INFO - Excluir archivo: Jose Tomas_Nimes_ Denis Lore_Joselito Adame_16-09-07.avi
2025-03-09 14:56:31,646 - INFO - Excluir archivo: Arca de la Alianza i - [vimeo_160428078].mp4
2025-03-09 14:56:31,646 - INFO - Excluir archivo: Arca de la Alianza ii - [vimeo_160829399].mp4
2025-03-09 14:56:31,646 - INFO - Excluir archivo: Arca de la Alianza iii - [vimeo_160838554].mp4
2025-03-09 14:56:31,646 - INFO - Excluir archivo: Arca de la Alianza iv - [vimeo_162413017].mp4
2025-03-09 14:56:31,646 - INFO - Excluir archivo: Arca de la Alianza v - [vimeo_162418186].mp4
2025-03-09 14:56:31,646 - INFO - Excluir archivo: Arca de la Alianza vi - [vimeo_162423051].mp4
2025-03-09 14:56:34,950 - INFO - Excluir archivo: 20160907_175109.mp4
2025-03-09 14:56:35,199 - INFO - Excluir archivo: 20160907_175354.mp4
2025-03-09 14:56:35,474 - INFO - Excluir archivo: 20160907_180908.mp4
2025-03-09 14:56:35,474 - INFO - Excluir archivo: 20160907_182245.mp4
2025-03-09 14:56:35,515 - INFO - Excluir archivo: 20160907_182457.mp4
2025-03-09 14:56:35,687 - INFO - Excluir archivo: 20160907_183836.mp4
2025-03-09 14:56:54,914 - INFO - Excluir archivo: MOV_0202.mp4
2025-03-09 14:56:54,914 - INFO - Excluir archivo: MOV_0209.mp4
2025-03-09 14:57:34,851 - INFO - Excluir archivo: MOV_0201.mp4
2025-03-09 14:57:34,851 - INFO - Excluir archivo: MOV_0640.mp4
2025-03-09 14:57:34,851 - INFO - Excluir archivo: MOV_0984.mp4
2025-03-09 14:57:34,851 - INFO - Excluir archivo: MOV_0986.mp4
2025-03-09 14:57:34,851 - INFO - Excluir archivo: MOV_1379.mp4
2025-03-09 14:58:12,397 - INFO - Excluir archivo: MOV_0201.mp4
2025-03-09 14:58:12,397 - INFO - Excluir archivo: MOV_0202.mp4
2025-03-09 14:58:12,397 - INFO - Excluir archivo: MOV_0209.mp4
2025-03-09 14:58:12,397 - INFO - Excluir archivo: MOV_0640.mp4
2025-03-09 14:58:12,397 - INFO - Excluir archivo: MOV_0984.mp4
2025-03-09 14:58:12,397 - INFO - Excluir archivo: MOV_0985.mp4
2025-03-09 14:58:12,397 - INFO - Excluir archivo: MOV_0986.mp4
2025-03-09 14:58:12,397 - INFO - Excluir archivo: MOV_1379.mp4
2025-03-09 14:59:43,483 - INFO - Excluir archivo: MOV_0042.mp4
2025-03-09 14:59:43,483 - INFO - Excluir archivo: MOV_0063.mp4
2025-03-09 14:59:43,483 - INFO - Excluir archivo: MOV_0183.mp4
2025-03-09 14:59:43,483 - INFO - Excluir archivo: MOV_0199.mp4
2025-03-09 14:59:43,483 - INFO - Excluir archivo: MOV_0200.mp4
2025-03-09 14:59:43,483 - INFO - Excluir archivo: MOV_0201.mp4
2025-03-09 14:59:43,484 - INFO - Excluir archivo: MOV_0202.mp4
2025-03-09 14:59:43,484 - INFO - Excluir archivo: MOV_0209.mp4
2025-03-09 14:59:43,484 - INFO - Excluir archivo: MOV_0640.mp4
2025-03-09 14:59:43,484 - INFO - Excluir archivo: MOV_0957.mp4
2025-03-09 14:59:43,484 - INFO - Excluir archivo: MOV_0984.mp4
2025-03-09 14:59:43,484 - INFO - Excluir archivo: MOV_0985.mp4
2025-03-09 14:59:43,484 - INFO - Excluir archivo: MOV_0986.mp4
2025-03-09 15:00:10,887 - INFO - Excluir archivo: demo_video_C66xx_de.mp4
2025-03-09 15:00:10,887 - INFO - Excluir archivo: demo_video_C66xx_en.mp4
2025-03-09 15:00:10,887 - INFO - Excluir archivo: demo_video_C66xx_es.mp4
2025-03-09 15:00:10,887 - INFO - Excluir archivo: demo_video_C66xx_fr.mp4
2025-03-09 15:00:10,887 - INFO - Excluir archivo: demo_video_C66xx_pt.mp4
2025-03-09 15:00:10,887 - INFO - Excluir archivo: demo_video_C66xx_ru.mp4
2025-03-09 15:00:10,887 - INFO - Excluir archivo: demo_video_C66xx_zh.mp4
2025-03-09 15:00:19,028 - INFO - Excluir archivo: VID-20131116-WA0001.mp4
2025-03-09 15:00:19,028 - INFO - Excluir archivo: VID-20131122-WA0001.mp4
2025-03-09 15:00:19,029 - INFO - Excluir archivo: VID-20131206-WA0000.mp4
2025-03-09 15:00:37,495 - INFO - Excluir archivo: MOV_0421.mp4
2025-03-09 15:00:37,495 - INFO - Excluir archivo: MOV_0989.mp4
2025-03-09 15:00:37,495 - INFO - Excluir archivo: MOV_0990.mp4
2025-03-09 15:00:37,497 - INFO - Excluir archivo: MOV_0991.mp4
2025-03-09 15:00:37,497 - INFO - Excluir archivo: MOV_0992.mp4
2025-03-09 15:00:37,497 - INFO - Excluir archivo: MOV_0993.mp4
2025-03-09 15:00:37,497 - INFO - Excluir archivo: MOV_0994.mp4
2025-03-09 15:00:37,497 - INFO - Excluir archivo: MOV_1117.mp4
2025-03-09 15:00:39,594 - INFO - Excluir archivo: MovieCreator_20150313221731.mp4
2025-03-09 15:00:39,595 - INFO - Excluir archivo: MovieCreator_20150313222417.mp4
2025-03-09 15:00:39,596 - INFO - Excluir archivo: MovieCreator_20150313223009.mp4
2025-03-09 15:00:42,403 - INFO - Excluir archivo: TalkingTom.mp4
2025-03-09 15:00:43,597 - INFO - Excluir archivo: Xperia HD Landscapes.mp4
2025-03-09 15:00:54,636 - INFO - Excluir archivo: VID-20140610-WA0000.mp4
2025-03-09 15:00:54,636 - INFO - Excluir archivo: VID-20140729-WA0000.mp4
2025-03-09 15:00:54,728 - INFO - Excluir archivo: VID-20141029-WA0000.mp4
2025-03-09 15:00:54,728 - INFO - Excluir archivo: VID-20141212-WA0002.mp4
2025-03-09 15:00:54,729 - INFO - Excluir archivo: VID-20141218-WA0002.mp4
2025-03-09 15:00:54,729 - INFO - Excluir archivo: VID-20150201-WA0005.mp4
2025-03-09 15:00:54,729 - INFO - Excluir archivo: VID-20150208-WA0000.mp4
2025-03-09 15:00:54,729 - INFO - Excluir archivo: VID-20150209-WA0002.mp4
2025-03-09 15:00:54,729 - INFO - Excluir archivo: VID-20150214-WA0003.mp4
2025-03-09 15:00:54,809 - INFO - Excluir archivo: VID-20150301-WA0000.mp4
2025-03-09 15:00:54,809 - INFO - Excluir archivo: VID-20150306-WA0000.mp4
2025-03-09 15:00:54,809 - INFO - Excluir archivo: VID-20150307-WA0010.mp4
2025-03-09 15:00:54,978 - INFO - Excluir archivo: VID-20150308-WA0002.mp4
2025-03-09 15:00:54,979 - INFO - Excluir archivo: VID-20150308-WA0020.mp4
2025-03-09 15:00:54,979 - INFO - Excluir archivo: VID-20150308-WA0029.mp4
2025-03-09 15:00:54,979 - INFO - Excluir archivo: VID-20150312-WA0003.mp4
2025-03-09 15:00:54,979 - INFO - Excluir archivo: VID-20150313-WA0039.mp4
2025-03-09 15:00:54,979 - INFO - Excluir archivo: VID-20150315-WA0011.mp4
2025-03-09 15:00:54,979 - INFO - Excluir archivo: VID-20150317-WA0003.mp4
2025-03-09 15:00:54,979 - INFO - Excluir archivo: VID-20150318-WA0013.mp4
2025-03-09 15:00:54,979 - INFO - Excluir archivo: VID-20150321-WA0005.mp4
2025-03-09 15:00:54,979 - INFO - Excluir archivo: VID-20150321-WA0006.mp4
2025-03-09 15:00:54,979 - INFO - Excluir archivo: VID-20150323-WA0006.mp4
2025-03-09 15:00:54,979 - INFO - Excluir archivo: VID-20150324-WA0022.mp4
2025-03-09 15:00:54,979 - INFO - Excluir archivo: VID-20150324-WA0031.mp4
2025-03-09 15:00:54,979 - INFO - Excluir archivo: VID-20150327-WA0015.mp4
2025-03-09 15:00:54,981 - INFO - Excluir archivo: VID-20150331-WA0001.mp4
2025-03-09 15:00:54,981 - INFO - Excluir archivo: VID-20150401-WA0011.mp4
2025-03-09 15:00:54,981 - INFO - Excluir archivo: VID-20150404-WA0001.mp4
2025-03-09 15:00:54,981 - INFO - Excluir archivo: VID-20150404-WA0023.mp4
2025-03-09 15:00:54,981 - INFO - Excluir archivo: VID-20150408-WA0023.mp4
2025-03-09 15:00:54,981 - INFO - Excluir archivo: VID-20150410-WA0000.mp4
2025-03-09 15:00:55,003 - INFO - Excluir archivo: VID-20150313-WA0034.mp4
2025-03-09 15:00:55,003 - INFO - Excluir archivo: VID-20150313-WA0035.mp4
2025-03-09 15:00:55,003 - INFO - Excluir archivo: VID-20150412-WA0005.mp4
2025-03-09 15:00:57,969 - INFO - Excluir archivo: Coldplay - A Sky Full Of Stars.mp4
2025-03-09 15:00:57,969 - INFO - Excluir archivo: Coldplay - Every Teardrop Is a Waterfall.mp4
2025-03-09 15:00:57,969 - INFO - Excluir archivo: Coldplay - The Hardest Part.mp4
2025-03-09 15:00:57,969 - INFO - Excluir archivo: Corre por tu vida! por Carter Conlon.mp4
2025-03-09 15:00:57,969 - INFO - Excluir archivo: Corre por tu vida! Salva tu alma! por Carter Conlon.mp4
2025-03-09 15:00:57,969 - INFO - Excluir archivo: Verdad o Tradición - ¿Deberían los Cristianos celebrar la Navidad y la Pascua.mp4
2025-03-09 15:00:57,994 - INFO - Excluir archivo: THRIVE ¿Cuánto Le Costará Al Planeta (Español).mp4
2025-03-09 15:00:58,434 - INFO - Excluir archivo: EAdA - Sesion 1 - Leccion 1 - 29oct2013 - 208574757.mp4
2025-03-09 15:00:58,434 - INFO - Excluir archivo: EAdA - Sesion 1 - Leccion 2 - 05nov2013 - 208574923.mp4
2025-03-09 15:00:58,434 - INFO - Excluir archivo: EAdA - Sesion 1 - Leccion 3 - 12nov2013 - 208575311.mp4
2025-03-09 15:00:58,434 - INFO - Excluir archivo: EAdA - Sesion 1 - Leccion 4 - 19nov2013 - 208574753.mp4
2025-03-09 15:00:58,448 - INFO - Excluir archivo: Sesion02 - Leccion 1 - 23Nov2013.mp4
2025-03-09 15:00:58,448 - INFO - Excluir archivo: Sesion02 - Leccion 2 - 23Nov2013.mp4
2025-03-09 15:00:58,448 - INFO - Excluir archivo: Sesion02 - Leccion 3 - 23Nov2013.mp4
2025-03-09 15:00:58,448 - INFO - Excluir archivo: Sesion02 - Leccion 4 - 23Nov2013.mp4
2025-03-09 15:00:58,459 - INFO - Excluir archivo: Sesion03 - Leccion 1 - 21dic2013 - 215844014.mp4
2025-03-09 15:00:58,459 - INFO - Excluir archivo: Sesion03 - Leccion 2 - 21dic2013 - 215851509.mp4
2025-03-09 15:00:58,459 - INFO - Excluir archivo: Sesion03 - Leccion 3 - 21dic2013 - 215893331.mp4
2025-03-09 15:00:58,459 - INFO - Excluir archivo: Sesion03 - Leccion 4 - 21dic2013 - 215827701.mp4
2025-03-09 15:00:58,459 - INFO - Excluir archivo: z215893331.mp4
2025-03-09 15:00:58,470 - INFO - Excluir archivo: 222281532.mp4
2025-03-09 15:00:58,470 - INFO - Excluir archivo: 222324662.mp4
2025-03-09 15:00:58,470 - INFO - Excluir archivo: 223324912.mp4
2025-03-09 15:00:58,471 - INFO - Excluir archivo: Sesion04 - Leccion 1 - 25ene2014 - 222281532.mp4
2025-03-09 15:00:58,471 - INFO - Excluir archivo: Sesion04 - Leccion 2 - 25ene2014 - 222324662.mp4
2025-03-09 15:00:58,471 - INFO - Excluir archivo: Sesion04 - Leccion 3 - 25ene2014 - 223324912.mp4
2025-03-09 15:00:58,472 - INFO - Excluir archivo: Sesion04 - Leccion 4 - 25ene2014 - 223323029.mp4
2025-03-09 15:00:58,480 - INFO - Excluir archivo: Sesion05 - Leccion 1 - 22feb2014 - 229867985.mp4
2025-03-09 15:00:58,480 - INFO - Excluir archivo: Sesion05 - Leccion 2 - 22feb2014 - 229869736.mp4
2025-03-09 15:00:58,481 - INFO - Excluir archivo: Sesion05 - Leccion 3 - 22feb2014 - 229866570.mp4
2025-03-09 15:00:58,481 - INFO - Excluir archivo: Sesion05 - Leccion 4 - 22feb2014 - 229868484.mp4
2025-03-09 15:00:58,481 - INFO - Excluir archivo: Sesion05 - Leccion 5 - 22mar2014 - 237751040.mp4
2025-03-09 15:00:58,482 - INFO - Excluir archivo: Sesion05 - Leccion 6 - 22mar2014 - 237756311.mp4
2025-03-09 15:00:58,482 - INFO - Excluir archivo: Sesion05 - Leccion 7 - 22mar2014 - 237744698.mp4
2025-03-09 15:00:58,482 - INFO - Excluir archivo: Sesion05 - Leccion 8 - 22mar2014 - 237758404.mp4
2025-03-09 15:00:58,492 - INFO - Excluir archivo: 208574753.mp4
2025-03-09 15:00:58,492 - INFO - Excluir archivo: 215827701.mp4
2025-03-09 15:00:58,493 - INFO - Excluir archivo: EAdA - Sesion 1 - Leccion 2 - 05nov2013 - 208574931.mp4
2025-03-09 15:00:58,493 - INFO - Excluir archivo: Sesion03 - Leccion 1 - 21dic2013 - 215844014.mp4
2025-03-09 15:00:58,516 - INFO - Excluir archivo: 01 Los Origenes de la Humanidad.avi
2025-03-09 15:00:58,516 - INFO - Excluir archivo: 01 Los Secretos de el Código da Vinci.avi
2025-03-09 15:00:58,517 - INFO - Excluir archivo: 02 El Misterio de la Sábana Santa.avi
2025-03-09 15:00:58,517 - INFO - Excluir archivo: 02 Monstruos Míiticos.avi
2025-03-09 15:00:58,517 - INFO - Excluir archivo: 03 Códigos Secretos.avi
2025-03-09 15:00:58,518 - INFO - Excluir archivo: 03 Las Profecías De Nostradamus.avi
2025-03-09 15:00:58,518 - INFO - Excluir archivo: 04 La Familia de Jesús.avi
2025-03-09 15:00:58,518 - INFO - Excluir archivo: 04 Monumentos Mágicos.avi
2025-03-09 15:00:58,518 - INFO - Excluir archivo: 05 El Enigma de Colón.avi
2025-03-09 15:00:58,519 - INFO - Excluir archivo: 05 Guerras.avi
2025-03-09 15:00:58,519 - INFO - Excluir archivo: 06 Desapariciones.avi
2025-03-09 15:00:58,519 - INFO - Excluir archivo: 06 La Santa Inquisición.avi
2025-03-09 15:00:58,519 - INFO - Excluir archivo: 07 La Verdadera Historia del Rey Arturo.avi
2025-03-09 15:00:58,520 - INFO - Excluir archivo: 07 Maestros del Espionaje.avi
2025-03-09 15:00:58,520 - INFO - Excluir archivo: 08 Los Secretos De Los Borgia.avi
2025-03-09 15:00:58,520 - INFO - Excluir archivo: 08 Misterios de las Exploraciones.avi
2025-03-09 15:00:58,520 - INFO - Excluir archivo: 09 Los Mayores Cataclismos.avi
2025-03-09 15:00:58,521 - INFO - Excluir archivo: 09 Testigos de la Resurrección.avi
2025-03-09 15:00:58,521 - INFO - Excluir archivo: 10 Leyendas del Rey Arturo - Merlín.avi
2025-03-09 15:00:58,521 - INFO - Excluir archivo: 10 Misterios del Futuro.avi
2025-03-09 15:00:58,522 - INFO - Excluir archivo: 11 La Verdadera Historia de Maria Magdalena.avi
2025-03-09 15:00:58,522 - INFO - Excluir archivo: 12 El Arca Perdida.avi
2025-03-09 15:00:58,522 - INFO - Excluir archivo: 13 En Torno a la Crucifixión.avi
2025-03-09 15:00:58,523 - INFO - Excluir archivo: 14 Leyendas del Rey Arturo - Camelot.avi
2025-03-09 15:00:58,523 - INFO - Excluir archivo: 15 En Busca del Paraíso Terrenal.avi
2025-03-09 15:00:58,523 - INFO - Excluir archivo: 16 La Cripta de los Medici.avi
2025-03-09 15:00:58,523 - INFO - Excluir archivo: 17 La Otra Cara del Apocalipsis.avi
2025-03-09 15:00:58,524 - INFO - Excluir archivo: 18 Alquimia - Magia o Ciencia.avi
2025-03-09 15:00:58,524 - INFO - Excluir archivo: 19 Pedro - La Primera Piedra de la Iglesia.avi
2025-03-09 15:00:58,524 - INFO - Excluir archivo: 20 La Hermandad Secreta de los Masones.avi
2025-03-09 15:00:58,525 - INFO - Excluir archivo: 21 La Verdadera Historia de Maria Magdalena.avi
2025-03-09 15:00:58,525 - INFO - Excluir archivo: 22 La Verdad sobre Drácula.avi
2025-03-09 15:00:58,525 - INFO - Excluir archivo: 24 Tras la Cruz Verdadera.avi
2025-03-09 15:00:58,526 - INFO - Excluir archivo: 25 Profecías.avi
2025-03-09 15:00:58,526 - INFO - Excluir archivo: 26 Herodes y la Matanza de los Inocentes.avi
2025-03-09 15:00:58,526 - INFO - Excluir archivo: 28 La Ultima Cena.avi
2025-03-09 15:00:58,527 - INFO - Excluir archivo: 29 Asesinato de un Faraón.avi
2025-03-09 15:00:58,527 - INFO - Excluir archivo: 30 El Santo Grial.avi
2025-03-09 15:00:58,527 - INFO - Excluir archivo: 31 Los Discípulos de Jesús.avi
2025-03-09 15:00:58,527 - INFO - Excluir archivo: 32 Los Secretos del Oráculo.avi
2025-03-09 15:00:58,528 - INFO - Excluir archivo: 33 La Verdadera Historia de María de Nazaret.avi
2025-03-09 15:00:58,528 - INFO - Excluir archivo: 34 Moisés.avi
2025-03-09 15:00:58,528 - INFO - Excluir archivo: 35 La Cruzada de los Niños.avi
2025-03-09 15:00:58,529 - INFO - Excluir archivo: 36 José - El Señor de los Sueños.avi
2025-03-09 15:00:58,529 - INFO - Excluir archivo: 37 En Busca de la Lanza Sagrada.avi
2025-03-09 15:00:58,529 - INFO - Excluir archivo: 38 Las Murallas de Jericó.avi
2025-03-09 15:00:58,529 - INFO - Excluir archivo: 39 Los Años Perdidos de Jesús.avi
2025-03-09 15:00:58,530 - INFO - Excluir archivo: 40 David y Goliat.avi
2025-03-09 15:00:58,591 - INFO - Excluir archivo: Universe 01x01 El big bang I y II.avi
2025-03-09 15:00:58,591 - INFO - Excluir archivo: Universe 01x02 Secretos del Sol.avi
2025-03-09 15:00:58,592 - INFO - Excluir archivo: Universe 01x03 Amenazas del espacio.avi
2025-03-09 15:00:58,592 - INFO - Excluir archivo: Universe 01x04 Mercurio y Venus (planetas interiores).avi
2025-03-09 15:00:58,631 - INFO - Excluir archivo: Universe 02x01 Planetas Extraterrestres.mkv
2025-03-09 15:00:58,631 - INFO - Excluir archivo: Universe 02x02 Agujeros del Espacio.mkv
2025-03-09 15:00:58,632 - INFO - Excluir archivo: Universe 02x03 Misterios de la Luna.mkv
2025-03-09 15:00:58,709 - INFO - Excluir carpeta: h:\iomega\movies
2025-03-09 15:04:16,453 - INFO - Excluir archivo: MOV00080.MP4
2025-03-09 15:04:16,453 - INFO - Excluir archivo: MOV00082.MP4
2025-03-09 15:04:16,453 - INFO - Excluir archivo: MOV00083.MP4
2025-03-09 15:04:16,453 - INFO - Excluir archivo: MOV00084.MP4
2025-03-09 15:04:16,453 - INFO - Excluir archivo: MOV00086.MP4
2025-03-09 15:04:16,453 - INFO - Excluir archivo: MOV00087.MP4
2025-03-09 15:04:16,453 - INFO - Excluir archivo: MOV00088.MP4
2025-03-09 15:04:16,453 - INFO - Excluir archivo: MOV00089.MP4
2025-03-09 15:04:16,453 - INFO - Excluir archivo: MOV00090.MP4
2025-03-09 15:04:16,454 - INFO - Excluir archivo: MOV00091.MP4
2025-03-09 15:04:16,454 - INFO - Excluir archivo: MOV00092.MP4
2025-03-09 15:04:16,454 - INFO - Excluir archivo: MOV00093.MP4
2025-03-09 15:04:16,972 - INFO - Excluir archivo: Musica en Calle 01.MP4
2025-03-09 15:04:16,972 - INFO - Excluir archivo: Musica en Calle 02.MP4
2025-03-09 15:04:17,397 - INFO - Excluir archivo: Chaqueta Marvis Video.MP4
2025-03-09 15:04:17,537 - INFO - Excluir archivo: MOV00112.MP4
2025-03-09 15:04:17,537 - INFO - Excluir archivo: MOV00113.MP4
2025-03-09 15:04:18,417 - INFO - Excluir archivo: MOV00032.MP4
2025-03-09 15:04:18,417 - INFO - Excluir archivo: MOV00033.MP4
2025-03-09 15:04:18,417 - INFO - Excluir archivo: MOV00034.MP4
2025-03-09 15:04:18,417 - INFO - Excluir archivo: MOV00035.MP4
2025-03-09 15:04:18,417 - INFO - Excluir archivo: MOV00037.MP4
2025-03-09 15:04:18,417 - INFO - Excluir archivo: MOV00038.MP4
2025-03-09 15:04:18,418 - INFO - Excluir archivo: MOV00039.MP4
2025-03-09 15:04:18,418 - INFO - Excluir archivo: MOV00040.MP4
2025-03-09 15:04:18,418 - INFO - Excluir archivo: MOV00041.MP4
2025-03-09 15:04:18,418 - INFO - Excluir archivo: MOV00042.MP4
2025-03-09 15:04:19,588 - INFO - Excluir archivo: MOV00080.MP4
2025-03-09 15:04:19,588 - INFO - Excluir archivo: MOV00082.MP4
2025-03-09 15:04:19,588 - INFO - Excluir archivo: MOV00083.MP4
2025-03-09 15:04:19,588 - INFO - Excluir archivo: MOV00084.MP4
2025-03-09 15:04:19,588 - INFO - Excluir archivo: MOV00086.MP4
2025-03-09 15:04:19,588 - INFO - Excluir archivo: MOV00087.MP4
2025-03-09 15:04:19,588 - INFO - Excluir archivo: MOV00088.MP4
2025-03-09 15:04:19,588 - INFO - Excluir archivo: MOV00089.MP4
2025-03-09 15:04:19,588 - INFO - Excluir archivo: MOV00090.MP4
2025-03-09 15:04:19,589 - INFO - Excluir archivo: MOV00091.MP4
2025-03-09 15:04:19,589 - INFO - Excluir archivo: MOV00092.MP4
2025-03-09 15:04:19,589 - INFO - Excluir archivo: MOV00093.MP4
2025-03-09 15:05:51,797 - INFO - Excluir archivo: MOV00032.MP4
2025-03-09 15:05:51,797 - INFO - Excluir archivo: MOV00033.MP4
2025-03-09 15:05:51,797 - INFO - Excluir archivo: MOV00034.MP4
2025-03-09 15:05:51,797 - INFO - Excluir archivo: MOV00035.MP4
2025-03-09 15:05:51,797 - INFO - Excluir archivo: MOV00037.MP4
2025-03-09 15:05:51,797 - INFO - Excluir archivo: MOV00038.MP4
2025-03-09 15:05:51,797 - INFO - Excluir archivo: MOV00039.MP4
2025-03-09 15:05:51,798 - INFO - Excluir archivo: MOV00040.MP4
2025-03-09 15:05:51,798 - INFO - Excluir archivo: MOV00041.MP4
2025-03-09 15:05:51,798 - INFO - Excluir archivo: MOV00042.MP4
2025-03-09 15:06:02,805 - INFO - Excluir archivo: MOV00032.MP4
2025-03-09 15:06:02,805 - INFO - Excluir archivo: MOV00033.MP4
2025-03-09 15:06:02,805 - INFO - Excluir archivo: MOV00034.MP4
2025-03-09 15:06:02,805 - INFO - Excluir archivo: MOV00035.MP4
2025-03-09 15:06:02,805 - INFO - Excluir archivo: MOV00037.MP4
2025-03-09 15:06:02,805 - INFO - Excluir archivo: MOV00038.MP4
2025-03-09 15:06:02,805 - INFO - Excluir archivo: MOV00039.MP4
2025-03-09 15:06:02,805 - INFO - Excluir archivo: MOV00040.MP4
2025-03-09 15:06:02,805 - INFO - Excluir archivo: MOV00041.MP4
2025-03-09 15:06:02,806 - INFO - Excluir archivo: MOV00042.MP4
2025-03-09 15:06:03,190 - INFO - Excluir archivo: MOV00032.MP4
2025-03-09 15:06:03,190 - INFO - Excluir archivo: MOV00033.MP4
2025-03-09 15:06:03,190 - INFO - Excluir archivo: MOV00034.MP4
2025-03-09 15:06:03,190 - INFO - Excluir archivo: MOV00035.MP4
2025-03-09 15:06:03,190 - INFO - Excluir archivo: MOV00037.MP4
2025-03-09 15:06:03,190 - INFO - Excluir archivo: MOV00038.MP4
2025-03-09 15:06:03,191 - INFO - Excluir archivo: MOV00039.MP4
2025-03-09 15:06:03,191 - INFO - Excluir archivo: MOV00040.MP4
2025-03-09 15:06:03,191 - INFO - Excluir archivo: MOV00041.MP4
2025-03-09 15:06:03,191 - INFO - Excluir archivo: MOV00042.MP4
2025-03-09 15:06:07,584 - INFO - Excluir archivo: MOV00283.MP4
2025-03-09 15:06:07,584 - INFO - Excluir archivo: MOV00309.MP4
2025-03-09 15:06:07,584 - INFO - Excluir archivo: MOV00310.MP4
2025-03-09 15:06:07,584 - INFO - Excluir archivo: MOV00311.MP4
2025-03-09 15:06:07,584 - INFO - Excluir archivo: MOV00312.MP4
2025-03-09 15:06:07,584 - INFO - Excluir archivo: MOV00313.MP4
2025-03-09 15:06:07,585 - INFO - Excluir archivo: MOV00314.MP4
2025-03-09 15:06:07,585 - INFO - Excluir archivo: MOV00316.MP4
2025-03-09 15:06:07,585 - INFO - Excluir archivo: MOV00317.MP4
2025-03-09 15:06:07,585 - INFO - Excluir archivo: MOV00318.MP4
2025-03-09 15:06:07,585 - INFO - Excluir archivo: MOV00319.MP4
2025-03-09 15:06:07,585 - INFO - Excluir archivo: MOV00320.MP4
2025-03-09 15:06:07,585 - INFO - Excluir archivo: MOV00323.MP4
2025-03-09 15:06:07,585 - INFO - Excluir archivo: MOV00339.MP4
2025-03-09 15:06:07,585 - INFO - Excluir archivo: MOV00347.MP4
2025-03-09 15:06:07,585 - INFO - Excluir archivo: MOV00354.MP4
2025-03-09 15:06:07,585 - INFO - Excluir archivo: MOV00360.MP4
2025-03-09 15:06:07,586 - INFO - Excluir archivo: MOV00373.MP4
2025-03-09 15:06:07,586 - INFO - Excluir archivo: MOV00374.MP4
2025-03-09 15:06:07,586 - INFO - Excluir archivo: MOV00408.MP4
2025-03-09 15:06:07,586 - INFO - Excluir archivo: MOV00417.MP4
2025-03-09 15:06:07,586 - INFO - Excluir archivo: MOV00442.MP4
2025-03-09 15:06:07,586 - INFO - Excluir archivo: MOV00443.MP4
2025-03-09 15:06:07,586 - INFO - Excluir archivo: MOV00444.MP4
2025-03-09 15:06:07,586 - INFO - Excluir archivo: MOV00469.MP4
2025-03-09 15:06:07,586 - INFO - Excluir archivo: MOV00470.MP4
2025-03-09 15:06:07,586 - INFO - Excluir archivo: MOV00471.MP4
2025-03-09 15:06:07,586 - INFO - Excluir archivo: MOV00486.MP4
2025-03-09 15:06:07,587 - INFO - Excluir archivo: MOV00488.MP4
2025-03-09 15:06:07,587 - INFO - Excluir archivo: MOV00565.MP4
2025-03-09 15:06:07,587 - INFO - Excluir archivo: MOV00611.MP4
2025-03-09 15:06:07,587 - INFO - Excluir archivo: MOV00612.MP4
2025-03-09 15:06:07,587 - INFO - Excluir archivo: MOV00613.MP4
2025-03-09 15:06:07,587 - INFO - Excluir archivo: MOV00614.MP4
2025-03-09 15:06:07,587 - INFO - Excluir archivo: MOV00615.MP4
2025-03-09 15:06:07,587 - INFO - Excluir archivo: MOV00616.MP4
2025-03-09 15:06:07,587 - INFO - Excluir archivo: MOV00617.MP4
2025-03-09 15:06:07,587 - INFO - Excluir archivo: MOV00618.MP4
2025-03-09 15:06:07,587 - INFO - Excluir archivo: MOV00651.MP4
2025-03-09 15:06:07,588 - INFO - Excluir archivo: MOV00657.MP4
2025-03-09 15:06:07,588 - INFO - Excluir archivo: MOV00704.MP4
2025-03-09 15:06:07,588 - INFO - Excluir archivo: MOV00705.MP4
2025-03-09 15:06:07,588 - INFO - Excluir archivo: MOV00749.MP4
2025-03-09 15:06:07,588 - INFO - Excluir archivo: MOV00750.MP4
2025-03-09 15:06:07,588 - INFO - Excluir archivo: MOV00751.MP4
2025-03-09 15:06:13,220 - INFO - Excluir archivo: Alex Campos - Amigos.mp4
2025-03-09 15:06:13,220 - INFO - Excluir archivo: Alex Campos - Me Robaste El Corazon (Duo Coalo Zamorano).mp4
2025-03-09 15:07:05,172 - INFO - Excluir archivo: MOV_0201.mp4
2025-03-09 15:07:05,172 - INFO - Excluir archivo: MOV_0202.mp4
2025-03-09 15:07:05,172 - INFO - Excluir archivo: MOV_0209.mp4
2025-03-09 15:07:05,172 - INFO - Excluir archivo: MOV_0640.mp4
2025-03-09 15:07:05,172 - INFO - Excluir archivo: MOV_1458.mp4
2025-03-09 15:07:05,172 - INFO - Excluir archivo: MOV_1465.mp4
2025-03-09 15:07:05,172 - INFO - Excluir archivo: MOV_1472.mp4
2025-03-09 15:07:05,172 - INFO - Excluir archivo: MOV_1477.mp4
2025-03-09 15:07:05,173 - INFO - Excluir archivo: MOV_1478.mp4
2025-03-09 15:07:05,173 - INFO - Excluir archivo: MOV_1495.mp4
2025-03-09 15:07:05,173 - INFO - Excluir archivo: MOV_1498.mp4
2025-03-09 15:07:05,173 - INFO - Excluir archivo: MOV_1524.mp4
2025-03-09 15:07:05,923 - INFO - Excluir archivo: MOV00863.MP4
2025-03-09 15:07:19,544 - INFO - Excluir archivo: Video_Tutorial_1_Como_Crear_su_Oficina_Virtual0.avi
2025-03-09 15:07:19,544 - INFO - Excluir archivo: Video_Tutorial_2_Como_Crear_un_SitioWeb_Blog.avi
2025-03-09 15:07:19,544 - INFO - Excluir archivo: Video_Tutorial_3_Como_Crear_una_Pagina_de_Aterrizaje.avi
2025-03-09 15:07:19,552 - INFO - Excluir carpeta: h:\iomega\tvshow
2025-03-09 15:07:19,960 - INFO - Excluir archivo: Andrea Bocelli- Santa la Noche( O Holy Night) sd.mp4
2025-03-09 15:08:01,084 - INFO - Excluir archivo: Agnus Dei Aleluya.mp4
2025-03-09 15:08:01,084 - INFO - Excluir archivo: Aleluya (instrumental).mp4
2025-03-09 15:08:57,797 - INFO - Excluir archivo: Hosanna (Versión Oficial En Español) - Karaoke Pista.mp4
2025-03-09 15:08:57,797 - INFO - Excluir archivo: Hosanna - Español (Spanish).mp4
2025-03-09 15:08:57,797 - INFO - Excluir archivo: Hosanna[Letra].mp4
2025-03-09 15:08:57,797 - INFO - Excluir archivo: Vengo a adorarte.mp4
2025-03-09 15:09:49,609 - INFO - Excluir archivo: Incomparable.mp4
2025-03-09 15:09:52,099 - INFO - Excluir archivo: Concierto Ayer Te Vi.mp4
2025-03-09 15:09:54,183 - INFO - Excluir archivo: Asi Te Anhelo.mp4
2025-03-09 15:09:54,183 - INFO - Excluir archivo: Cerca De Jesús.mp4
2025-03-09 15:09:54,183 - INFO - Excluir archivo: Jesús (En Vivo).mp4
2025-03-09 15:09:58,726 - INFO - Excluir archivo: Ayer te vi, Fue mas claro que la luna.m4v
2025-03-09 15:09:58,726 - INFO - Excluir archivo: Por un intstante de tu amor.m4v
2025-03-09 15:09:58,726 - INFO - Excluir archivo: Princesas Mágicas.m4v
2025-03-09 15:09:58,726 - INFO - Excluir archivo: Que Seria de mi.M4V
2025-03-09 15:09:58,726 - INFO - Excluir archivo: Razones pa' Vivir.m4v
2025-03-09 15:09:58,726 - INFO - Excluir archivo: Tú Estás Aquí (en vivo).m4v
2025-03-09 15:10:03,304 - INFO - Excluir archivo: Planet Earth Movil.mp4
2025-03-09 15:10:03,338 - INFO - Excluir archivo: Algo grande viene.mp4
2025-03-09 15:10:03,338 - INFO - Excluir archivo: Caminar Por Fe.mp4
2025-03-09 15:10:03,338 - INFO - Excluir archivo: Confia.mp4
2025-03-09 15:10:03,338 - INFO - Excluir archivo: El Dios de lo imposible.mp4
2025-03-09 15:10:03,338 - INFO - Excluir archivo: Tus Ojos.mp4
2025-03-09 15:10:08,688 - INFO - Excluir archivo: De Quien Temeré (Official Lyric Video).mp4
2025-03-09 15:10:09,480 - INFO - Excluir archivo: El Gran Yo Soy (Official Lyric Video).mp4
2025-03-09 15:10:09,480 - INFO - Excluir archivo: Jehová (Official Lyric Video).mp4
2025-03-09 15:10:09,480 - INFO - Excluir archivo: Nadie Como Tu (Official Lyric Video).mp4
2025-03-09 15:10:09,480 - INFO - Excluir archivo: Nombre Sin Igual (Official Lyric Video).mp4
2025-03-09 15:10:24,266 - INFO - Excluir archivo: Avívanos (extra1) 2.mp4
2025-03-09 15:10:24,266 - INFO - Excluir archivo: Avívanos (extra1).mp4
2025-03-09 15:10:24,266 - INFO - Excluir archivo: Avívanos (Live).mp4
2025-03-09 15:10:24,266 - INFO - Excluir archivo: Hossana (Vid.Oficial+Letra).mp4
2025-03-09 15:10:26,743 - INFO - Excluir archivo: Abre mis ojos (con Danilo Montero).mp4
2025-03-09 15:10:26,743 - INFO - Excluir archivo: Hosanna (pista).mp4
2025-03-09 15:10:26,743 - INFO - Excluir archivo: Levántate y Resplandece  Sin reservas.mp4
2025-03-09 15:10:26,743 - INFO - Excluir archivo: Manda el Fuego.mp4
2025-03-09 15:10:28,955 - INFO - Excluir archivo: TransformadosDVD_title_1.mp4
2025-03-09 15:10:28,955 - INFO - Excluir archivo: TransformadosDVD_title_2.mp4
2025-03-09 15:10:28,955 - INFO - Excluir archivo: TransformadosDVD_title_3.mp4
2025-03-09 15:10:28,955 - INFO - Excluir archivo: TransformadosDVD_title_4.mp4
2025-03-09 15:10:28,955 - INFO - Excluir archivo: TransformadosDVD_title_5.mp4
2025-03-09 15:10:28,955 - INFO - Excluir archivo: TransformadosDVD_title_6.mp4
2025-03-09 15:10:28,955 - INFO - Excluir archivo: TransformadosDVD_title_8.mp4
2025-03-09 15:10:59,942 - INFO - Excluir archivo: Quien nos Separará del Amor de Dios(360p_H.264-AAC).mp4
2025-03-09 15:11:00,102 - INFO - Excluir archivo: Salmo 121 Recuerda que el Señor es tu socorro (360p_H.264-AAC).mp4
2025-03-09 15:11:42,227 - INFO - Excluir archivo: Creeré (música y letra).mp4
2025-03-09 15:11:42,227 - INFO - Excluir archivo: Creeré.mp4
2025-03-09 15:11:42,227 - INFO - Excluir archivo: Mi Ultimo Día.mp4
2025-03-09 15:11:52,210 - INFO - Excluir carpeta: h:\lenovo\compartidos\videos
2025-03-09 15:11:52,453 - INFO - Excluir archivo: 190525_Euronews_Rumania_Una_pocion_contra_la_corrupcion.mp4
2025-03-09 15:11:55,942 - INFO - Excluir archivo: Chris Tomlin - Our God (sub-esp 360).mp4
2025-03-09 15:11:55,942 - INFO - Excluir archivo: Chris Tomlin - Our God (sub-esp 720).mp4
2025-03-09 15:11:57,006 - INFO - Excluir archivo: Gran Especial de Salmos Cantados.mp4
2025-03-09 15:12:02,671 - INFO - Excluir archivo: Verdad o Tradición - ¿Deberían los Cristianos celebrar la Navidad y la Pascua.mp4
2025-03-09 15:12:02,671 - INFO - Excluir archivo: Video motivación Jose Cueto.mp4
2025-03-09 15:12:06,925 - INFO - Excluir archivo: VID-20190409-WA0007.mp4
2025-03-09 15:12:07,261 - INFO - Excluir archivo: MOV00082.MP4
2025-03-09 15:12:07,261 - INFO - Excluir archivo: MOV00083.MP4
2025-03-09 15:12:07,261 - INFO - Excluir archivo: MOV00084.MP4
2025-03-09 15:12:07,261 - INFO - Excluir archivo: MOV00085.MP4
2025-03-09 15:12:07,261 - INFO - Excluir archivo: MOV00086.MP4
2025-03-09 15:12:07,261 - INFO - Excluir archivo: MOV00088.MP4
2025-03-09 15:12:07,261 - INFO - Excluir archivo: MOV00089.MP4
2025-03-09 15:12:07,261 - INFO - Excluir archivo: MOV00090.MP4
2025-03-09 15:12:07,262 - INFO - Excluir archivo: MOV00091.MP4
2025-03-09 15:12:07,262 - INFO - Excluir archivo: MOV00092.MP4
2025-03-09 15:13:24,664 - INFO - Excluir archivo: PesebreAnimado_2020.mp4
2025-03-09 15:14:02,762 - INFO - Excluir archivo: Cuarto de Guerra TS Esp.avi
2025-03-09 15:14:02,839 - INFO - Excluir archivo: Hijo_de_Dios [DvDRip-Lat].avi
2025-03-09 15:14:05,294 - INFO - Excluir archivo: Gran Especial de Salmos Cantados.mp4
2025-03-09 15:14:06,118 - INFO - Excluir archivo: 01 1x01 Anarquía.m4v
2025-03-09 15:14:06,118 - INFO - Excluir archivo: 1x02 Maestro constructor.mp4
2025-03-09 15:14:06,118 - INFO - Excluir archivo: 1x03 Redencion.mp4
2025-03-09 15:14:06,118 - INFO - Excluir archivo: 1x04 Campo de Batalla.mp4
2025-03-09 15:14:06,118 - INFO - Excluir archivo: 1x05 Legado.mp4
2025-03-09 15:14:06,118 - INFO - Excluir archivo: 1x06 Brujeria.mp4
2025-03-09 15:14:06,118 - INFO - Excluir archivo: 1x07 Nuevos comienzos.mp4
2025-03-09 15:14:06,119 - INFO - Excluir archivo: 1x08 El trabajo de los Angeles.mp4
2025-03-09 15:14:06,181 - INFO - Excluir archivo: TheBookofDaniel.avi
2025-03-09 15:17:14,382 - INFO - Excluir archivo: 1x97 - ¡Sobrevive! ¡¡El torneo de poder finalmente inicia!!.mp4
2025-03-09 15:19:55,303 - INFO - Excluir archivo: RPReplay_Final1556622355.mp4
2025-03-09 15:19:55,303 - INFO - Excluir archivo: RPReplay_Final1556622685.mp4
2025-03-09 15:19:55,303 - INFO - Excluir archivo: RPReplay_Final1557260478.mp4
2025-03-09 15:20:14,896 - INFO - Excluir archivo: RPReplay_Final1587612793.mp4
2025-03-09 15:20:14,896 - INFO - Excluir archivo: RPReplay_Final1589892965.mp4
2025-03-09 15:20:33,752 - INFO - Excluir archivo: 0106623144223f3b23e3c46cdd7729d6a87c60ffeb.mp4
2025-03-09 15:20:33,772 - INFO - Excluir archivo: 010ba60539e126375615e56aa426b6a3e75fe50186.mp4
2025-03-09 15:20:33,827 - INFO - Excluir archivo: 010faa683fe8babb9bab2c1873d63c2450ef54af2d.mp4
2025-03-09 15:20:34,328 - INFO - Excluir archivo: 01431ee827421b190ee896889b278b5af18a30ebed.mp4
2025-03-09 15:20:34,466 - INFO - Excluir archivo: 01447be64070e32ede2f5eebef7d06ad49147dc566.mp4
2025-03-09 15:20:34,864 - INFO - Excluir archivo: 015b53c07900fe8eafaf1c4616c593fbaf55b89359.mp4
2025-03-09 15:20:34,864 - INFO - Excluir archivo: 015d1d106890da32cdc51c19ce3165b0869f61bd13.mp4
2025-03-09 15:20:35,361 - INFO - Excluir archivo: 01831cfdd50f3faeb5f0ec1817fb4e2f73860746e6.mp4
2025-03-09 15:20:35,462 - INFO - Excluir archivo: 0193cd542bd8113c30b7a4a9d63349f00527d4a7e7.mp4
2025-03-09 15:20:35,610 - INFO - Excluir archivo: 019ff0031fb92ba7c88a929f501669ce0441f17907.mp4
2025-03-09 15:20:35,728 - INFO - Excluir archivo: 01afbd6e648836e8feeecf9164e130a3236d75fef2.mp4
2025-03-09 15:20:35,822 - INFO - Excluir archivo: 01b65bc74773568d845b909fc0e4919a6781495f9e.mp4
2025-03-09 15:20:35,822 - INFO - Excluir archivo: 01b8df2736ef8a55f2a0e2bc315f5478d0fc4f1d22.mp4
2025-03-09 15:20:36,094 - INFO - Excluir archivo: 01bff3cb66f55521741039c42546d57d32912eb5a5.mp4
2025-03-09 15:20:36,440 - INFO - Excluir archivo: 01d522b627360790051dffdae30aa38f33edd674c2.mp4
2025-03-09 15:20:36,440 - INFO - Excluir archivo: 01d5602fd5d3eba5ba9b5ca1a447aaf3b9d0e73860.mp4
2025-03-09 15:20:37,111 - INFO - Excluir archivo: 0102a01b0135115f0e11413b342ff69d637e88e1fc.mp4
2025-03-09 15:20:37,220 - INFO - Excluir archivo: 0117ccd12576e4963355aff07c566822b364784810.mp4
2025-03-09 15:20:37,345 - INFO - Excluir archivo: 0128a472e31b672409112045245da3162721e470af.mp4
2025-03-09 15:20:37,345 - INFO - Excluir archivo: 0129f0ac03a28f6fc4b357a4a41a181077c2337db9.mp4
2025-03-09 15:20:38,050 - INFO - Excluir archivo: 017ac1691a34ac7bec8a02abf232fc6340e6798d78.mp4
2025-03-09 15:20:38,242 - INFO - Excluir archivo: 0182a5febca8c6adb7d86640050c52bd4b021cfe87.mp4
2025-03-09 15:20:38,367 - INFO - Excluir archivo: 01923674fb9c9e0e180769fa1df206f5168d8b473d.mp4
2025-03-09 15:20:38,576 - INFO - Excluir archivo: 01a88f7e2f67c7bbf9ef486beffb4a47d7057a2c87.mp4
2025-03-09 15:20:38,576 - INFO - Excluir archivo: 01a951ba74ae7bd9824487ecab5638aa434249b11c.mp4
2025-03-09 15:20:38,748 - INFO - Excluir archivo: 01b2e4da22eeee85562874898e9649acc1c3e05fa4.mp4
2025-03-09 15:20:38,748 - INFO - Excluir archivo: 01b3183805e00834f4ad493c4774117a74f7094f84.mp4
2025-03-09 15:20:38,818 - INFO - Excluir archivo: 01c1a021a1fa4398302a778cb5a5a243a153a9cf70.mp4
2025-03-09 15:20:38,985 - INFO - Excluir archivo: 01cf15a3e86d36531f4dbcaca1cd684befe1dc7858.mp4
2025-03-09 15:20:39,188 - INFO - Excluir archivo: 01fd48e550a42f46473c14b8af38b9ba5f660721f9.mp4
2025-03-09 15:20:42,961 - INFO - Excluir archivo: 01c689e8a789864925a6cc0fd240244515284433ae.mp4
2025-03-09 15:20:44,013 - INFO - Excluir archivo: 010dad048cf79f451b86d78c09f8f97a7b5e177267.mp4
2025-03-09 15:20:44,558 - INFO - Excluir archivo: 01b016b85ee402cbca7a8f27383785e62593b09bc9.mp4
2025-03-09 15:20:44,653 - INFO - Excluir archivo: 01b9dd8b42b9bda1144d8fdae068dd8ee03c90903c.mp4
2025-03-09 15:20:44,687 - INFO - Excluir archivo: 01c6281fc92b26d2c177caa36907bae8966c5b436f.mp4
2025-03-09 15:20:44,776 - INFO - Excluir archivo: 01d145aaaf7c6090690311d806dc9fa713047db822.mp4
2025-03-09 15:20:44,777 - INFO - Excluir archivo: 01d4be7c9ca14b777ce17efff9cf884b0696f43173.mp4
2025-03-09 15:20:44,777 - INFO - Excluir archivo: 01e15f2f175fef8711eca02d11f1b25de263e67618.mp4
2025-03-09 15:20:44,907 - INFO - Excluir archivo: 01e426872e91feb677cd16ef05533ab154e9b188da.mp4
2025-03-09 15:20:44,907 - INFO - Excluir archivo: 01eb926927a24f136a89d7a64a8f5b484521b72739.mp4
2025-03-09 15:20:44,907 - INFO - Excluir archivo: 01eecf8b4d51eed9750f05ff1677e144c50ae28919.mp4
2025-03-09 15:20:45,141 - INFO - Excluir archivo: 0107eaa75f9493cc9bd825cca27a8ab83dd1743de0.mp4
2025-03-09 15:20:45,215 - INFO - Excluir archivo: 010de92e9542663a1ac21ea15f3d135fbc2c627e12.mp4
2025-03-09 15:20:45,293 - INFO - Excluir archivo: 0119b0bd7d250b1e7ee77ee0b5ed724cf627bb9af3.mp4
2025-03-09 15:20:45,388 - INFO - Excluir archivo: 012e67719cdd3438f67daec9ad11eb04b53efe2ae2.mp4
2025-03-09 15:20:45,440 - INFO - Excluir archivo: 013c88b73186a6fcfe6717192d9ca7c3b7aa0830af.mp4
2025-03-09 15:20:45,556 - INFO - Excluir archivo: 014700fc3beb07a47c1ebf1ce44d8e63ae12eade3a.mp4
2025-03-09 15:20:45,582 - INFO - Excluir archivo: 014eea5b648c16c9a9ad57df0782e16b89213d0186.mp4
2025-03-09 15:20:45,708 - INFO - Excluir archivo: 01751d40fffb1bd58f9ee9186b1406a535d026cbcb.mp4
2025-03-09 15:20:46,011 - INFO - Excluir archivo: 018a579c7d4db0d67cc0a9d8cc366183f8a7ac8ff9.mp4
2025-03-09 15:20:46,267 - INFO - Excluir archivo: 01a43e129df4409ce0df4920d8d170ba803772fd82.mp4
2025-03-09 15:20:46,422 - INFO - Excluir archivo: 01c2189de0f727606ae339ba6336e6bbc16f6133c9.mp4
2025-03-09 15:20:46,591 - INFO - Excluir archivo: 01e898a06b4108024d6bd3df7084da0dc8468fcbc6.mp4
2025-03-09 15:20:47,535 - INFO - Excluir archivo: 0169f10ba222519cbd1a05e3aa637bd5f8bf629428.mp4
2025-03-09 15:20:47,595 - INFO - Excluir archivo: 019283561979b365b2cef20ee0b96a8c5911a80018.mp4
2025-03-09 15:20:49,958 - INFO - Excluir archivo: 0143c707aeb3c09930b6ebd5ca49cf6ba7093da341.mp4
2025-03-09 15:20:50,597 - INFO - Excluir archivo: 0158883d6fe0a481a31270e71c29770ecc4001f035.mp4
2025-03-09 15:20:50,921 - INFO - Excluir archivo: 0165621577ac1e7760e3fd131b72365f416f8951ed.mp4
2025-03-09 15:20:53,186 - INFO - Excluir archivo: 01b314c8de364a2d5d13c467c12006fb7cd23eeb06.mp4
2025-03-09 15:20:57,260 - INFO - Excluir archivo: 01052b956f5cd63062360587bc3e611bce1bb71fbb.mp4
2025-03-09 15:20:57,832 - INFO - Excluir archivo: 0122c8540c6f678e650b385805428eefefdf6a2234.mp4
2025-03-09 15:20:57,961 - INFO - Excluir archivo: 0125488c41209bdcb6c6f09f34ae87252a45040c68.mp4
2025-03-09 15:20:58,259 - INFO - Excluir archivo: 013383a3a8b0f7fc4e86f6c608e2986acb508ecba7.mp4
2025-03-09 15:20:58,423 - INFO - Excluir archivo: 0142a89463ea7179f438467505336f67eb4773c9c3.mp4
2025-03-09 15:20:58,561 - INFO - Excluir archivo: 0153c0d359f8853e70de5d452822054a2af4356e28.mp4
2025-03-09 15:20:59,277 - INFO - Excluir archivo: 01858d1a471489573ef0d4f2990a8582a466fc71cb.mp4
2025-03-09 15:20:59,357 - INFO - Excluir archivo: 0189bcd1800eee5a7a71c12ced342353040c817b09.mp4
2025-03-09 15:20:59,406 - INFO - Excluir archivo: 018d19fff3206051109d6437c93b45c3762f3afc65.mp4
2025-03-09 15:20:59,611 - INFO - Excluir archivo: 019528e3e3eeb7ae1bededf2e62276eb5801cf9f27.mp4
2025-03-09 15:20:59,670 - INFO - Excluir archivo: 01975838df689be2c69cb27cb292400835bfa3058f.mp4
2025-03-09 15:20:59,728 - INFO - Excluir archivo: 019ce0708f7d418d40c903e001fe96056a7e14dc09.mp4
2025-03-09 15:20:59,890 - INFO - Excluir archivo: 01a85837c852f0a27c6ff87bc789613054ac319c4c.mp4
2025-03-09 15:21:00,364 - INFO - Excluir archivo: 01c0d571150c3c8100e4c173bf1f9744ffeecf6019.mp4
2025-03-09 15:21:00,646 - INFO - Excluir archivo: 01d4579524a27a2129a05a0a5a211af17a18887516.mp4
2025-03-09 15:21:00,646 - INFO - Excluir archivo: 01d62c0373ddbebaf3624273d32ee35300407f2072.mp4
2025-03-09 15:21:00,734 - INFO - Excluir archivo: 01e4f514efe2bb578a0a958a4b2788f13bcfe65666.mp4
2025-03-09 15:21:01,114 - INFO - Excluir archivo: 01ed1d0af45a88671620b0f689e8b98c85c10256d5.mp4
2025-03-09 15:21:01,494 - INFO - Excluir archivo: 01fb409daed71e5a37535c8024996ce56f727f1e5b.mp4
2025-03-09 15:21:04,257 - INFO - Excluir archivo: 015b36b87e35e6baf1efd5c214350777834e405f74.mp4
2025-03-09 15:21:04,284 - INFO - Excluir archivo: 01f1c86e866ecbe0b24665bfaa1d654db623f8b360.mp4
2025-03-09 15:21:05,179 - INFO - Excluir archivo: 01591bfaa482929ed0c0a5452320574da8edf12346.mp4
2025-03-09 15:21:05,205 - INFO - Excluir archivo: 015cc8b6a499d2111bbd57bd9dfd03b635c558fe64.mp4
2025-03-09 15:21:20,405 - INFO - Excluir archivo: 0122888d37edf465c8ac7cd7ddfd7817d66ad8274f.mp4
2025-03-09 15:21:20,471 - INFO - Excluir archivo: 0179de21a1f19391cbb199019fed88f9beeed02227.mp4
2025-03-09 15:21:20,471 - INFO - Excluir archivo: 01922f0b4cc086b4e84e2ed558a0cb00e10aec96eb.mp4
2025-03-09 15:21:20,472 - INFO - Excluir archivo: 019b38e5f7270489a2e34ca72ba0215f89e1a6b9f9.mp4
2025-03-09 15:21:20,556 - INFO - Excluir archivo: 01c15c23fc9755e31a88ae387b93bea0a6657e8e49.mp4
2025-03-09 15:21:20,556 - INFO - Excluir archivo: 01d51957e77275768057bdcddc20d3ce3d4c8e4609.mp4
2025-03-09 15:21:20,598 - INFO - Excluir archivo: 1x97 - ¡Sobrevive! ¡¡El torneo de poder finalmente inicia!!.mp4
2025-03-09 15:23:08,403 - INFO - Excluir archivo: Coldplay - A Sky Full Of Stars.mp4
2025-03-09 15:26:33,076 - INFO - Excluir archivo: 5fa71eb6d99b49be-video.mp4
2025-03-09 15:26:34,073 - INFO - Excluir archivo: SanDisk YLIOYM iXpand_No_VO1.mp4
2025-03-09 15:26:34,074 - INFO - Excluir archivo: SanDisk_Precious_Moments_EN.mp4
2025-03-09 15:26:34,090 - INFO - Excluir archivo: Mes1_Semana1_Vid_1_3122079782.mp4
2025-03-09 15:26:34,091 - INFO - Excluir archivo: Mes1_Semana2_Vid_2_3134112419.mp4
2025-03-09 15:26:34,092 - INFO - Excluir archivo: Mes1_Semana3_Vid_3_3160125319.mp4
2025-03-09 15:26:34,092 - INFO - Excluir archivo: Mes2_Semana1_Vid_4_3159914144.mp4
2025-03-09 15:26:34,093 - INFO - Excluir archivo: Mes2_Semana1_Vid_5_Empresarial_3163004344.mp4
2025-03-09 15:26:34,093 - INFO - Excluir archivo: Mes2_Semana2_Vid_6_3173977096.mp4
2025-03-09 15:26:34,094 - INFO - Excluir archivo: Mes2_Semana3_Vid_7_3186108346.mp4
2025-03-09 15:26:34,094 - INFO - Excluir archivo: Mes3_Semana1_Vid_8_3216047952.mp4
2025-03-09 15:26:34,095 - INFO - Excluir archivo: Mes3_Semana1_Vid_8_3216047954.mp4
2025-03-09 15:26:44,979 - INFO - Excluir archivo: Entendiendo la propiedad intelectual.mp4
2025-03-09 15:27:05,473 - INFO - Excluir archivo: 201804_TNT_NBA_Technology.mp4
2025-03-09 15:34:56,465 - INFO - Conexion Cerrada
2025-03-09 15:34:56,465 - INFO - Fin Ruta... h:\
2025-03-09 15:34:56,465 - INFO - Archivos procesados: 142995
2025-03-09 15:34:56,466 - INFO - Ruta procesada. Inicio: 2025-03-09 13:38:37.473104, Fin: 2025-03-09 15:34:56.465735 ... duración 6978.99
