2025-03-10 14:51:32,005 - INFO - Conexion Cursor: 2025-03-10 14:51:32.005270
2025-03-10 14:51:32,005 - INFO - Procesar ruta: C:\Users\LeonPP\Documents
2025-03-10 14:51:32,038 - INFO - #Error: ('42000', "[42000] [Microsoft][ODBC Driver 17 for SQL Server][SQL Server]No se encontró el procedimiento almacenado 'py.InsertarEnListArchivosTest'. (2812) (SQLExecDirectW)")
2025-03-10 14:51:32,040 - INFO - #Error: ('42000', "[42000] [Microsoft][ODBC Driver 17 for SQL Server][SQL Server]No se encontró el procedimiento almacenado 'py.InsertarEnListArchivosTest'. (2812) (SQLExecDirectW)")
2025-03-10 14:51:32,057 - INFO - #Error: ('42000', "[42000] [Microsoft][ODBC Driver 17 for SQL Server][SQL Server]No se encontró el procedimiento almacenado 'py.InsertarEnListArchivosTest'. (2812) (SQLExecDirectW)")
2025-03-10 14:51:32,071 - INFO - #Error: ('42000', "[42000] [Microsoft][ODBC Driver 17 for SQL Server][SQL Server]No se encontró el procedimiento almacenado 'py.InsertarEnListArchivosTest'. (2812) (SQLExecDirectW)")
2025-03-10 14:51:32,086 - INFO - #Error: ('42000', "[42000] [Microsoft][ODBC Driver 17 for SQL Server][SQL Server]No se encontró el procedimiento almacenado 'py.InsertarEnListArchivosTest'. (2812) (SQLExecDirectW)")
2025-03-10 14:51:32,086 - INFO - #Error: ('42000', "[42000] [Microsoft][ODBC Driver 17 for SQL Server][SQL Server]No se encontró el procedimiento almacenado 'py.InsertarEnListArchivosTest'. (2812) (SQLExecDirectW)")
2025-03-10 14:51:32,166 - INFO - #Error: ('42000', "[42000] [Microsoft][ODBC Driver 17 for SQL Server][SQL Server]No se encontró el procedimiento almacenado 'py.InsertarEnListArchivosTest'. (2812) (SQLExecDirectW)")
2025-03-10 14:51:32,181 - INFO - #Error: ('42000', "[42000] [Microsoft][ODBC Driver 17 for SQL Server][SQL Server]No se encontró el procedimiento almacenado 'py.InsertarEnListArchivosTest'. (2812) (SQLExecDirectW)")
2025-03-10 14:51:32,186 - INFO - #Error: ('42000', "[42000] [Microsoft][ODBC Driver 17 for SQL Server][SQL Server]No se encontró el procedimiento almacenado 'py.InsertarEnListArchivosTest'. (2812) (SQLExecDirectW)")
2025-03-10 14:51:32,201 - INFO - #Error: ('42000', "[42000] [Microsoft][ODBC Driver 17 for SQL Server][SQL Server]No se encontró el procedimiento almacenado 'py.InsertarEnListArchivosTest'. (2812) (SQLExecDirectW)")
2025-03-10 14:51:32,201 - INFO - #Error: ('42000', "[42000] [Microsoft][ODBC Driver 17 for SQL Server][SQL Server]No se encontró el procedimiento almacenado 'py.InsertarEnListArchivosTest'. (2812) (SQLExecDirectW)")
2025-03-10 14:51:32,225 - INFO - #Error: ('42000', "[42000] [Microsoft][ODBC Driver 17 for SQL Server][SQL Server]No se encontró el procedimiento almacenado 'py.InsertarEnListArchivosTest'. (2812) (SQLExecDirectW)")
2025-03-10 14:51:32,268 - INFO - #Error: ('42000', "[42000] [Microsoft][ODBC Driver 17 for SQL Server][SQL Server]No se encontró el procedimiento almacenado 'py.InsertarEnListArchivosTest'. (2812) (SQLExecDirectW)")
2025-03-10 14:51:32,272 - INFO - #Error: ('42000', "[42000] [Microsoft][ODBC Driver 17 for SQL Server][SQL Server]No se encontró el procedimiento almacenado 'py.InsertarEnListArchivosTest'. (2812) (SQLExecDirectW)")
2025-03-10 14:51:32,272 - INFO - #Error: ('42000', "[42000] [Microsoft][ODBC Driver 17 for SQL Server][SQL Server]No se encontró el procedimiento almacenado 'py.InsertarEnListArchivosTest'. (2812) (SQLExecDirectW)")
2025-03-10 14:51:32,272 - INFO - Excluir carpeta: C:\Users\LeonPP\Documents\espana
2025-03-10 14:51:32,303 - INFO - #Error: ('42000', "[42000] [Microsoft][ODBC Driver 17 for SQL Server][SQL Server]No se encontró el procedimiento almacenado 'py.InsertarEnListArchivosTest'. (2812) (SQLExecDirectW)")
2025-03-10 14:51:32,317 - INFO - #Error: ('42000', "[42000] [Microsoft][ODBC Driver 17 for SQL Server][SQL Server]No se encontró el procedimiento almacenado 'py.InsertarEnListArchivosTest'. (2812) (SQLExecDirectW)")
2025-03-10 14:51:32,329 - INFO - #Error: ('42000', "[42000] [Microsoft][ODBC Driver 17 for SQL Server][SQL Server]No se encontró el procedimiento almacenado 'py.InsertarEnListArchivosTest'. (2812) (SQLExecDirectW)")
2025-03-10 14:51:32,330 - INFO - Excluir carpeta: C:\Users\LeonPP\Documents\maletin
2025-03-10 14:51:32,336 - INFO - #Error: ('42000', "[42000] [Microsoft][ODBC Driver 17 for SQL Server][SQL Server]No se encontró el procedimiento almacenado 'py.InsertarEnListArchivosTest'. (2812) (SQLExecDirectW)")
2025-03-10 14:51:32,351 - INFO - #Error: ('42000', "[42000] [Microsoft][ODBC Driver 17 for SQL Server][SQL Server]No se encontró el procedimiento almacenado 'py.InsertarEnListArchivosTest'. (2812) (SQLExecDirectW)")
2025-03-10 14:51:32,367 - INFO - #Error: ('42000', "[42000] [Microsoft][ODBC Driver 17 for SQL Server][SQL Server]No se encontró el procedimiento almacenado 'py.InsertarEnListArchivosTest'. (2812) (SQLExecDirectW)")
2025-03-10 14:51:32,383 - INFO - #Error: ('42000', "[42000] [Microsoft][ODBC Driver 17 for SQL Server][SQL Server]No se encontró el procedimiento almacenado 'py.InsertarEnListArchivosTest'. (2812) (SQLExecDirectW)")
2025-03-10 14:51:32,383 - INFO - #Error: ('42000', "[42000] [Microsoft][ODBC Driver 17 for SQL Server][SQL Server]No se encontró el procedimiento almacenado 'py.InsertarEnListArchivosTest'. (2812) (SQLExecDirectW)")
2025-03-10 14:51:32,383 - INFO - #Error: ('42000', "[42000] [Microsoft][ODBC Driver 17 for SQL Server][SQL Server]No se encontró el procedimiento almacenado 'py.InsertarEnListArchivosTest'. (2812) (SQLExecDirectW)")
2025-03-10 14:51:32,398 - INFO - #Error: ('42000', "[42000] [Microsoft][ODBC Driver 17 for SQL Server][SQL Server]No se encontró el procedimiento almacenado 'py.InsertarEnListArchivosTest'. (2812) (SQLExecDirectW)")
2025-03-10 14:51:32,398 - INFO - #Error: ('42000', "[42000] [Microsoft][ODBC Driver 17 for SQL Server][SQL Server]No se encontró el procedimiento almacenado 'py.InsertarEnListArchivosTest'. (2812) (SQLExecDirectW)")
2025-03-10 14:51:32,414 - INFO - #Error: ('42000', "[42000] [Microsoft][ODBC Driver 17 for SQL Server][SQL Server]No se encontró el procedimiento almacenado 'py.InsertarEnListArchivosTest'. (2812) (SQLExecDirectW)")
2025-03-10 14:51:32,443 - INFO - #Error: ('42000', "[42000] [Microsoft][ODBC Driver 17 for SQL Server][SQL Server]No se encontró el procedimiento almacenado 'py.InsertarEnListArchivosTest'. (2812) (SQLExecDirectW)")
2025-03-10 14:51:32,444 - INFO - Conexion Cerrada
2025-03-10 14:51:32,444 - INFO - Fin Ruta... C:\Users\LeonPP\Documents
2025-03-10 14:51:32,444 - INFO - Archivos procesados: 0
2025-03-10 14:51:32,444 - INFO - Ruta procesada. Inicio: 2025-03-10 14:51:32.005270, Fin: 2025-03-10 14:51:32.444932 ... duración 0.44
2025-03-10 14:52:38,819 - INFO - Conexion Cursor: 2025-03-10 14:52:38.818536
2025-03-10 14:52:38,819 - INFO - Procesar ruta: C:\Users\LeonPP\Documents
2025-03-10 14:52:38,826 - INFO - #Error: ('42000', "[42000] [Microsoft][ODBC Driver 17 for SQL Server][SQL Server]No se encontró el procedimiento almacenado 'py.AddListArchivos'. (2812) (SQLExecDirectW)")
2025-03-10 14:52:38,827 - INFO - #Error: ('42000', "[42000] [Microsoft][ODBC Driver 17 for SQL Server][SQL Server]No se encontró el procedimiento almacenado 'py.AddListArchivos'. (2812) (SQLExecDirectW)")
2025-03-10 14:52:38,832 - INFO - #Error: ('42000', "[42000] [Microsoft][ODBC Driver 17 for SQL Server][SQL Server]No se encontró el procedimiento almacenado 'py.AddListArchivos'. (2812) (SQLExecDirectW)")
2025-03-10 14:52:38,834 - INFO - #Error: ('42000', "[42000] [Microsoft][ODBC Driver 17 for SQL Server][SQL Server]No se encontró el procedimiento almacenado 'py.AddListArchivos'. (2812) (SQLExecDirectW)")
2025-03-10 14:52:38,836 - INFO - #Error: ('42000', "[42000] [Microsoft][ODBC Driver 17 for SQL Server][SQL Server]No se encontró el procedimiento almacenado 'py.AddListArchivos'. (2812) (SQLExecDirectW)")
2025-03-10 14:52:38,838 - INFO - #Error: ('42000', "[42000] [Microsoft][ODBC Driver 17 for SQL Server][SQL Server]No se encontró el procedimiento almacenado 'py.AddListArchivos'. (2812) (SQLExecDirectW)")
2025-03-10 14:52:38,897 - INFO - #Error: ('42000', "[42000] [Microsoft][ODBC Driver 17 for SQL Server][SQL Server]No se encontró el procedimiento almacenado 'py.AddListArchivos'. (2812) (SQLExecDirectW)")
2025-03-10 14:52:38,898 - INFO - #Error: ('42000', "[42000] [Microsoft][ODBC Driver 17 for SQL Server][SQL Server]No se encontró el procedimiento almacenado 'py.AddListArchivos'. (2812) (SQLExecDirectW)")
2025-03-10 14:52:38,905 - INFO - #Error: ('42000', "[42000] [Microsoft][ODBC Driver 17 for SQL Server][SQL Server]No se encontró el procedimiento almacenado 'py.AddListArchivos'. (2812) (SQLExecDirectW)")
2025-03-10 14:52:38,908 - INFO - #Error: ('42000', "[42000] [Microsoft][ODBC Driver 17 for SQL Server][SQL Server]No se encontró el procedimiento almacenado 'py.AddListArchivos'. (2812) (SQLExecDirectW)")
2025-03-10 14:52:38,910 - INFO - #Error: ('42000', "[42000] [Microsoft][ODBC Driver 17 for SQL Server][SQL Server]No se encontró el procedimiento almacenado 'py.AddListArchivos'. (2812) (SQLExecDirectW)")
2025-03-10 14:52:38,912 - INFO - #Error: ('42000', "[42000] [Microsoft][ODBC Driver 17 for SQL Server][SQL Server]No se encontró el procedimiento almacenado 'py.AddListArchivos'. (2812) (SQLExecDirectW)")
2025-03-10 14:52:38,919 - INFO - #Error: ('42000', "[42000] [Microsoft][ODBC Driver 17 for SQL Server][SQL Server]No se encontró el procedimiento almacenado 'py.AddListArchivos'. (2812) (SQLExecDirectW)")
2025-03-10 14:52:38,919 - INFO - #Error: ('42000', "[42000] [Microsoft][ODBC Driver 17 for SQL Server][SQL Server]No se encontró el procedimiento almacenado 'py.AddListArchivos'. (2812) (SQLExecDirectW)")
2025-03-10 14:52:38,919 - INFO - #Error: ('42000', "[42000] [Microsoft][ODBC Driver 17 for SQL Server][SQL Server]No se encontró el procedimiento almacenado 'py.AddListArchivos'. (2812) (SQLExecDirectW)")
2025-03-10 14:52:38,919 - INFO - Excluir carpeta: C:\Users\LeonPP\Documents\espana
2025-03-10 14:52:38,919 - INFO - #Error: ('42000', "[42000] [Microsoft][ODBC Driver 17 for SQL Server][SQL Server]No se encontró el procedimiento almacenado 'py.AddListArchivos'. (2812) (SQLExecDirectW)")
2025-03-10 14:52:38,919 - INFO - #Error: ('42000', "[42000] [Microsoft][ODBC Driver 17 for SQL Server][SQL Server]No se encontró el procedimiento almacenado 'py.AddListArchivos'. (2812) (SQLExecDirectW)")
2025-03-10 14:52:38,919 - INFO - #Error: ('42000', "[42000] [Microsoft][ODBC Driver 17 for SQL Server][SQL Server]No se encontró el procedimiento almacenado 'py.AddListArchivos'. (2812) (SQLExecDirectW)")
2025-03-10 14:52:38,919 - INFO - Excluir carpeta: C:\Users\LeonPP\Documents\maletin
2025-03-10 14:52:38,935 - INFO - #Error: ('42000', "[42000] [Microsoft][ODBC Driver 17 for SQL Server][SQL Server]No se encontró el procedimiento almacenado 'py.AddListArchivos'. (2812) (SQLExecDirectW)")
2025-03-10 14:52:38,935 - INFO - #Error: ('42000', "[42000] [Microsoft][ODBC Driver 17 for SQL Server][SQL Server]No se encontró el procedimiento almacenado 'py.AddListArchivos'. (2812) (SQLExecDirectW)")
2025-03-10 14:52:38,947 - INFO - #Error: ('42000', "[42000] [Microsoft][ODBC Driver 17 for SQL Server][SQL Server]No se encontró el procedimiento almacenado 'py.AddListArchivos'. (2812) (SQLExecDirectW)")
2025-03-10 14:52:38,949 - INFO - #Error: ('42000', "[42000] [Microsoft][ODBC Driver 17 for SQL Server][SQL Server]No se encontró el procedimiento almacenado 'py.AddListArchivos'. (2812) (SQLExecDirectW)")
2025-03-10 14:52:38,951 - INFO - #Error: ('42000', "[42000] [Microsoft][ODBC Driver 17 for SQL Server][SQL Server]No se encontró el procedimiento almacenado 'py.AddListArchivos'. (2812) (SQLExecDirectW)")
2025-03-10 14:52:38,954 - INFO - #Error: ('42000', "[42000] [Microsoft][ODBC Driver 17 for SQL Server][SQL Server]No se encontró el procedimiento almacenado 'py.AddListArchivos'. (2812) (SQLExecDirectW)")
2025-03-10 14:52:38,956 - INFO - #Error: ('42000', "[42000] [Microsoft][ODBC Driver 17 for SQL Server][SQL Server]No se encontró el procedimiento almacenado 'py.AddListArchivos'. (2812) (SQLExecDirectW)")
2025-03-10 14:52:38,957 - INFO - #Error: ('42000', "[42000] [Microsoft][ODBC Driver 17 for SQL Server][SQL Server]No se encontró el procedimiento almacenado 'py.AddListArchivos'. (2812) (SQLExecDirectW)")
2025-03-10 14:52:38,958 - INFO - #Error: ('42000', "[42000] [Microsoft][ODBC Driver 17 for SQL Server][SQL Server]No se encontró el procedimiento almacenado 'py.AddListArchivos'. (2812) (SQLExecDirectW)")
2025-03-10 14:52:38,961 - INFO - #Error: ('42000', "[42000] [Microsoft][ODBC Driver 17 for SQL Server][SQL Server]No se encontró el procedimiento almacenado 'py.AddListArchivos'. (2812) (SQLExecDirectW)")
2025-03-10 14:52:38,969 - INFO - #Error: ('42000', "[42000] [Microsoft][ODBC Driver 17 for SQL Server][SQL Server]No se encontró el procedimiento almacenado 'py.AddListArchivos'. (2812) (SQLExecDirectW)")
2025-03-10 14:52:38,969 - INFO - Conexion Cerrada
2025-03-10 14:52:38,969 - INFO - Fin Ruta... C:\Users\LeonPP\Documents
2025-03-10 14:52:38,969 - INFO - Archivos procesados: 0
2025-03-10 14:52:38,969 - INFO - Ruta procesada. Inicio: 2025-03-10 14:52:38.818536, Fin: 2025-03-10 14:52:38.969476 ... duración 0.15
2025-03-10 14:58:02,444 - INFO - Conexion Cursor: 2025-03-10 14:58:02.443025
2025-03-10 14:58:02,444 - INFO - Procesar ruta: C:\Users\LeonPP\Documents
2025-03-10 14:58:02,522 - INFO - Excluir carpeta: C:\Users\LeonPP\Documents\espana
2025-03-10 14:58:02,525 - INFO - Excluir carpeta: C:\Users\LeonPP\Documents\maletin
2025-03-10 14:58:02,547 - INFO - Conexion Cerrada
2025-03-10 14:58:02,547 - INFO - Fin Ruta... C:\Users\LeonPP\Documents
2025-03-10 14:58:02,547 - INFO - Archivos procesados: 30
2025-03-10 14:58:02,547 - INFO - Ruta procesada. Inicio: 2025-03-10 14:58:02.443025, Fin: 2025-03-10 14:58:02.547276 ... duración 0.10
